dataset: clintox
 distance type: kernel
 pretrain dataset: k_init: 0.38331273198127747, k_finetune: 0.493845134973526, k_dis: -0.7532479166984558, mmd2 0.12390995770692825
 downstream dataset: k_init: 0.33477354049682617, k_finetune: 0.43194344639778137, k_dis: -0.6772094368934631, mmd2 0.08950752019882202
 subset: none, transfer mmd: 0.3269236981868744, dkl result: 0.7657361067667605, nn result: 0.7644566955131546

dataset: clintox
 distance type: kernel
 pretrain dataset: k_init: 0.4023243486881256, k_finetune: 0.4856724143028259, k_dis: -0.8046745657920837, mmd2 0.0833221971988678
 downstream dataset: k_init: 0.35439375042915344, k_finetune: 0.42583271861076355, k_dis: -0.7179164886474609, mmd2 0.062309980392456055
 subset: none, transfer mmd: 0.24823348224163055, dkl result: 0.7352092239252077, nn result: 0.7321051854168839

dataset: clintox
 distance type: kernel
 pretrain dataset: k_init: 0.42883431911468506, k_finetune: 0.40836089849472046, k_dis: -0.8183066844940186, mmd2 0.01888851821422577
 downstream dataset: k_init: 0.3902282118797302, k_finetune: 0.37397119402885437, k_dis: -0.7393620014190674, mmd2 0.024837374687194824
 epoch: 10, transfer mmd: 0.20213547348976135, dkl result: 0.8063592604177527, nn result: 0.8179890869912765

dataset: clintox
 distance type: kernel
 pretrain dataset: k_init: 0.4193632900714874, k_finetune: 0.42519548535346985, k_dis: -0.8156536221504211, mmd2 0.028905145823955536
 downstream dataset: k_init: 0.3774474263191223, k_finetune: 0.3760787844657898, k_dis: -0.7240588665008545, mmd2 0.029467344284057617
 epoch: 20, transfer mmd: 0.26348382234573364, dkl result: 0.7887437875786327, nn result: 0.7952768220206443

dataset: clintox
 distance type: kernel
 pretrain dataset: k_init: 0.4231559634208679, k_finetune: 0.41858235001564026, k_dis: -0.821827232837677, mmd2 0.019911034032702446
 downstream dataset: k_init: 0.38529378175735474, k_finetune: 0.3737766146659851, k_dis: -0.7316622734069824, mmd2 0.027408123016357422
 epoch: 30, transfer mmd: 0.2628595232963562, dkl result: 0.7489404128870817, nn result: 0.7406987453515449

