dataset: qm7
 distance type: kernel
 pretrain dataset: k_init: 14.60246467590332, k_finetune: 2.712310552597046, k_dis: -0.0519014447927475, mmd2 17.262874603271484
 downstream dataset: k_init: 13.11307144165039, k_finetune: 14.917776107788086, k_dis: -2.0318164825439453, mmd2 25.99903106689453
 subset: none, transfer mmd: 17.264385223388672, dkl result: 138.00152991215953, nn result: 134.06866933577066

dataset: qm7
 distance type: kernel
 pretrain dataset: k_init: 15.36974048614502, k_finetune: 15.734212875366211, k_dis: -5.1635284423828125, mmd2 25.9404239654541
 downstream dataset: k_init: 14.486448287963867, k_finetune: 15.28720760345459, k_dis: -3.122582197189331, mmd2 26.651073455810547
 epoch: 10, transfer mmd: 30.47060203552246, dkl result: 158.5883669361668, nn result: 159.1418985398248

dataset: qm7
 distance type: kernel
 pretrain dataset: k_init: 15.353253364562988, k_finetune: 13.802380561828613, k_dis: -16.84461784362793, mmd2 12.311016082763672
 downstream dataset: k_init: 14.382623672485352, k_finetune: 15.178606033325195, k_dis: -3.159053087234497, mmd2 26.402175903320312
 epoch: 20, transfer mmd: 27.72740364074707, dkl result: 152.78619680619957, nn result: 148.79125062013281

dataset: qm7
 distance type: kernel
 pretrain dataset: k_init: 15.250255584716797, k_finetune: 14.52454662322998, k_dis: -16.620256423950195, mmd2 13.154546737670898
 downstream dataset: k_init: 14.542133331298828, k_finetune: 14.755474090576172, k_dis: -3.4841816425323486, mmd2 25.813425064086914
 epoch: 30, transfer mmd: 27.219011306762695, dkl result: 188.92750989530387, nn result: 181.9497336367336

dataset: qm7
 distance type: kernel
 pretrain dataset: k_init: 15.12299633026123, k_finetune: 11.967084884643555, k_dis: -17.783653259277344, mmd2 9.306426048278809
 downstream dataset: k_init: 14.016355514526367, k_finetune: 14.675973892211914, k_dis: -2.8948702812194824, mmd2 25.79745864868164
 epoch: 40, transfer mmd: 25.04473114013672, dkl result: 170.74370393254296, nn result: 171.02050007847825

dataset: qm7
 distance type: kernel
 pretrain dataset: k_init: 15.124795913696289, k_finetune: 12.247342109680176, k_dis: -9.402950286865234, mmd2 17.969188690185547
 downstream dataset: k_init: 14.127687454223633, k_finetune: 14.952798843383789, k_dis: -4.17764139175415, mmd2 24.90284538269043
 epoch: 50, transfer mmd: 25.839162826538086, dkl result: 162.67779749336285, nn result: 163.7910039956324

dataset: qm7
 distance type: kernel
 pretrain dataset: k_init: 15.071059226989746, k_finetune: 11.46474838256836, k_dis: -17.92194175720215, mmd2 8.613866806030273
 downstream dataset: k_init: 14.02936840057373, k_finetune: 14.891425132751465, k_dis: -3.654642105102539, mmd2 25.266151428222656
 epoch: 60, transfer mmd: 24.827436447143555, dkl result: 181.36564817355008, nn result: 175.30972399700642

dataset: qm7
 distance type: kernel
 pretrain dataset: k_init: 14.884305000305176, k_finetune: 10.887557983398438, k_dis: -0.7255907654762268, mmd2 25.04627227783203
 downstream dataset: k_init: 13.872859954833984, k_finetune: 14.975177764892578, k_dis: -4.864783763885498, mmd2 23.983253479003906
 epoch: 70, transfer mmd: 25.0501708984375, dkl result: 199.38230691902191, nn result: 184.9902093846238

