dataset: qm7
 distance type: kernel
 pretrain dataset: k_init: 14.838753700256348, k_finetune: 2.9202158451080322, k_dis: -0.4105105996131897, mmd2 17.34845733642578
 downstream dataset: k_init: 13.64793586730957, k_finetune: 14.25950813293457, k_dis: -3.4080257415771484, mmd2 24.499418258666992
 subset: none, transfer mmd: 16.120651245117188, dkl result: 134.9062305689626, nn result: 131.31186248267153

dataset: qm7
 distance type: kernel
 pretrain dataset: k_init: 15.126031875610352, k_finetune: 14.611459732055664, k_dis: -28.236875534057617, mmd2 1.5006182193756104
 downstream dataset: k_init: 14.250603675842285, k_finetune: 14.469589233398438, k_dis: -2.928175926208496, mmd2 25.792015075683594
 epoch: 10, transfer mmd: 27.062870025634766, dkl result: 182.96930259061983, nn result: 166.7876143197247

dataset: qm7
 distance type: kernel
 pretrain dataset: k_init: 14.625847816467285, k_finetune: 2.759948253631592, k_dis: -0.3331584334373474, mmd2 17.052637100219727
 downstream dataset: k_init: 13.217981338500977, k_finetune: 14.437671661376953, k_dis: -2.344390392303467, mmd2 25.311262130737305
 subset: none, transfer mmd: 16.650978088378906, dkl result: 151.39776067144453, nn result: 153.0927469532218

dataset: qm7
 distance type: kernel
 pretrain dataset: k_init: 15.305656433105469, k_finetune: 13.591477394104004, k_dis: -17.496150970458984, mmd2 11.400983810424805
 downstream dataset: k_init: 14.761015892028809, k_finetune: 14.476936340332031, k_dis: -2.3616161346435547, mmd2 26.8763370513916
 epoch: 10, transfer mmd: 27.023067474365234, dkl result: 219.03537701348262, nn result: 192.38030172883882

dataset: qm7
 distance type: kernel
 pretrain dataset: k_init: 15.268786430358887, k_finetune: 13.500829696655273, k_dis: -26.798677444458008, mmd2 1.970940113067627
 downstream dataset: k_init: 14.6681489944458, k_finetune: 14.42288875579834, k_dis: -2.1126527786254883, mmd2 26.97838592529297
 epoch: 20, transfer mmd: 26.456972122192383, dkl result: 146.05886535017916, nn result: 147.31634796279386

dataset: qm7
 distance type: kernel
 pretrain dataset: k_init: 15.173074722290039, k_finetune: 12.391571044921875, k_dis: -2.8753559589385986, mmd2 24.689289093017578
 downstream dataset: k_init: 14.496283531188965, k_finetune: 14.442075729370117, k_dis: -2.655195951461792, mmd2 26.28316307067871
 epoch: 30, transfer mmd: 25.993968963623047, dkl result: 217.9576995752474, nn result: 208.08702893525196

dataset: qm7
 distance type: kernel
 pretrain dataset: k_init: 15.266195297241211, k_finetune: 11.268857955932617, k_dis: -1.269995927810669, mmd2 25.265058517456055
 downstream dataset: k_init: 14.376646995544434, k_finetune: 14.386474609375, k_dis: -3.391496419906616, mmd2 25.371625900268555
 epoch: 40, transfer mmd: 24.53419303894043, dkl result: 180.7235885602563, nn result: 182.1217656888669

dataset: qm7
 distance type: kernel
 pretrain dataset: k_init: 15.18706226348877, k_finetune: 11.160099983215332, k_dis: -0.05053681135177612, mmd2 26.2966251373291
 downstream dataset: k_init: 14.350552558898926, k_finetune: 14.303635597229004, k_dis: -3.599179267883301, mmd2 25.055007934570312
 epoch: 50, transfer mmd: 24.535839080810547, dkl result: 180.3169928631673, nn result: 187.990719124673

dataset: qm7
 distance type: kernel
 pretrain dataset: k_init: 14.987771034240723, k_finetune: 14.194537162780762, k_dis: -0.24539826810359955, mmd2 28.936912536621094
 downstream dataset: k_init: 13.952794075012207, k_finetune: 14.428196907043457, k_dis: -3.021841049194336, mmd2 25.359149932861328
 epoch: 60, transfer mmd: 27.725627899169922, dkl result: 238.3475315321749, nn result: 228.9420303653406

dataset: qm7
 distance type: kernel
 pretrain dataset: k_init: 15.000273704528809, k_finetune: 13.276914596557617, k_dis: -17.20115089416504, mmd2 11.07603645324707
 downstream dataset: k_init: 14.030949592590332, k_finetune: 14.36538314819336, k_dis: -3.3620998859405518, mmd2 25.034231185913086
 epoch: 70, transfer mmd: 25.86428451538086, dkl result: 237.19115542870318, nn result: 205.0377906227515

dataset: qm7
 distance type: kernel
 pretrain dataset: k_init: 15.05505657196045, k_finetune: 12.148213386535645, k_dis: -0.03461480885744095, mmd2 27.168657302856445
 downstream dataset: k_init: 14.271175384521484, k_finetune: 14.482704162597656, k_dis: -4.833083152770996, mmd2 23.920795440673828
 epoch: 80, transfer mmd: 25.311588287353516, dkl result: 235.25466424258215, nn result: 242.78083743348347

dataset: qm7
 distance type: kernel
 pretrain dataset: k_init: 15.532758712768555, k_finetune: 15.986830711364746, k_dis: -18.891857147216797, mmd2 12.627732276916504
 downstream dataset: k_init: 14.723859786987305, k_finetune: 14.314332008361816, k_dis: -7.411925792694092, mmd2 21.626266479492188
 epoch: 90, transfer mmd: 26.28127098083496, dkl result: 235.86984523145773, nn result: 273.265059157643

