dataset: esol
 distance type: kernel
 pretrain dataset: k_init: 0.4616478383541107, k_finetune: 1.0121337175369263, k_dis: -0.5545235276222229, mmd2 0.9192579388618469
 downstream dataset: k_init: 0.2963011860847473, k_finetune: 0.6342688202857971, k_dis: -0.6982887387275696, mmd2 0.23228126764297485
 subset: none, transfer mmd: 1.127072811126709, dkl result: 1.118240704030582, nn result: 1.1875295046093468

dataset: esol
 distance type: kernel
 pretrain dataset: k_init: 0.7594928741455078, k_finetune: 0.9895098209381104, k_dis: -0.5360845923423767, mmd2 1.2129181623458862
 downstream dataset: k_init: 0.6315593719482422, k_finetune: 0.6607242822647095, k_dis: -1.245624303817749, mmd2 0.04665935039520264
 epoch: 10, transfer mmd: 1.0990575551986694, dkl result: 1.1538525292827981, nn result: 1.2167363920298346

dataset: esol
 distance type: kernel
 pretrain dataset: k_init: 0.4489368796348572, k_finetune: 0.9578260779380798, k_dis: -0.764807403087616, mmd2 0.641955554485321
 downstream dataset: k_init: 0.28559547662734985, k_finetune: 0.626371443271637, k_dis: -0.6798869967460632, mmd2 0.23207992315292358
 subset: none, transfer mmd: 0.9448490738868713, dkl result: 1.0919190536567314, nn result: 1.1815888938685914

dataset: esol
 distance type: kernel
 pretrain dataset: k_init: 0.7168806195259094, k_finetune: 0.9966760277748108, k_dis: -0.68520587682724, mmd2 1.0283507108688354
 downstream dataset: k_init: 0.586325466632843, k_finetune: 0.6435832977294922, k_dis: -1.1856894493103027, mmd2 0.044219255447387695
 epoch: 10, transfer mmd: 0.9655973315238953, dkl result: 1.1216543591048993, nn result: 1.1533419395819537

dataset: esol
 distance type: kernel
 pretrain dataset: k_init: 0.7378858923912048, k_finetune: 0.9846182465553284, k_dis: -0.661800742149353, mmd2 1.0607033967971802
 downstream dataset: k_init: 0.6014735698699951, k_finetune: 0.6522566080093384, k_dis: -1.2133660316467285, mmd2 0.04036414623260498
 epoch: 20, transfer mmd: 0.9800275564193726, dkl result: 1.0205247849425017, nn result: 1.021923449590145

dataset: esol
 distance type: kernel
 pretrain dataset: k_init: 0.7805303335189819, k_finetune: 1.0230636596679688, k_dis: -0.514962911605835, mmd2 1.2886313199996948
 downstream dataset: k_init: 0.6543571949005127, k_finetune: 0.6628838777542114, k_dis: -1.276463508605957, mmd2 0.04077756404876709
 epoch: 30, transfer mmd: 1.1032203435897827, dkl result: 1.1105329901898089, nn result: 1.094868482926256

dataset: esol
 distance type: kernel
 pretrain dataset: k_init: 0.6906278133392334, k_finetune: 1.0040700435638428, k_dis: -0.10637301951646805, mmd2 1.5883249044418335
 downstream dataset: k_init: 0.6137252449989319, k_finetune: 0.6513360738754272, k_dis: -1.2311948537826538, mmd2 0.0338665246963501
 epoch: 40, transfer mmd: 1.2965353727340698, dkl result: 1.1718841025717388, nn result: 1.106781488555007

dataset: esol
 distance type: kernel
 pretrain dataset: k_init: 0.6935822367668152, k_finetune: 1.017125129699707, k_dis: -0.04068446159362793, mmd2 1.6700228452682495
 downstream dataset: k_init: 0.6268147230148315, k_finetune: 0.6345982551574707, k_dis: -1.2182458639144897, mmd2 0.0431671142578125
 epoch: 50, transfer mmd: 1.3245240449905396, dkl result: 1.2042551655515497, nn result: 1.1409446036545703

dataset: esol
 distance type: kernel
 pretrain dataset: k_init: 0.7476282715797424, k_finetune: 1.0021482706069946, k_dis: -0.44987478852272034, mmd2 1.2999016046524048
 downstream dataset: k_init: 0.6596910953521729, k_finetune: 0.660813570022583, k_dis: -1.2815533876419067, mmd2 0.03895127773284912
 epoch: 60, transfer mmd: 1.1606757640838623, dkl result: 1.1141347478579693, nn result: 1.088970888149697

dataset: esol
 distance type: kernel
 pretrain dataset: k_init: 0.72939133644104, k_finetune: 0.9900380373001099, k_dis: -0.3192571997642517, mmd2 1.4001721143722534
 downstream dataset: k_init: 0.6339628100395203, k_finetune: 0.6264483332633972, k_dis: -1.231306791305542, mmd2 0.02910435199737549
 epoch: 70, transfer mmd: 1.1828194856643677, dkl result: 1.1810864032500863, nn result: 1.1457854009362538

dataset: esol
 distance type: kernel
 pretrain dataset: k_init: 0.7145671844482422, k_finetune: 0.9678248763084412, k_dis: -0.13945789635181427, mmd2 1.5429342985153198
 downstream dataset: k_init: 0.6390806436538696, k_finetune: 0.6485394239425659, k_dis: -1.2511439323425293, mmd2 0.03647613525390625
 epoch: 80, transfer mmd: 1.2242746353149414, dkl result: 1.117435243199356, nn result: 1.1053071951798161

dataset: esol
 distance type: kernel
 pretrain dataset: k_init: 0.6839436292648315, k_finetune: 0.9058120250701904, k_dis: -0.1714174449443817, mmd2 1.4183380603790283
 downstream dataset: k_init: 0.5992752909660339, k_finetune: 0.634174108505249, k_dis: -1.2043887376785278, mmd2 0.029060721397399902
 epoch: 90, transfer mmd: 1.1596369743347168, dkl result: 1.1208728463604483, nn result: 1.0396332057842406

