uncertainty method: ensemble
bbbp 0 0.6786265432098766
ece 0 0.36622560024261475
mce 0 0.6540014743804932
nll 0 2.1343793869018555
brier 0 0.36285827506302776

uncertainty method: none
bbbp 0 0.6957947530864198
ece 0 0.34776970744132996
mce 0 0.7119808197021484
nll 0 1.3965435028076172
brier 0 0.34121564462929954

uncertainty method: sgld
bbbp 0 0.4629629629629629
ece 0 0.05046524107456207
mce 0 0.7786510586738586
nll 0 0.7050179839134216
brier 0 0.255657718427379


uncertainty method: dkl
bbbp 0 0.6743827160493828
ece 0 0.11151566356420517
mce 0 0.43435102701187134
nll 0 0.6719667315483093
brier 0 0.23942311905695166

uncertainty method: dkl
bbbp 0 0.6767939814814814
ece 0 0.11393004655838013
mce 0 0.4000259339809418
nll 0 0.6761209964752197
brier 0 0.2411246223644689

uncertainty method: none
uncertainty method: none
bbbp 0 0.7038966049382716
ece 0 0.34122395515441895
mce 0 0.6469680070877075
nll 0 1.3702309131622314
brier 0 0.33760377500361066

uncertainty method: dkl
uncertainty method: none
bbbp 0 0.6986882716049383
ece 0 0.34695136547088623
mce 0 0.6936933994293213
nll 0 1.392997145652771
brier 0 0.3425498961154741

uncertainty method: dkl
bbbp 0 0.6785300925925926
ece 0 0.105577751994133
mce 0 0.3286835551261902
nll 0 0.6741572618484497
brier 0 0.24030201658131467

uncertainty method: none
bbbp 0 0.6931905864197531
ece 0 0.3539893329143524
mce 0 0.5537524223327637
nll 0 1.399953842163086
brier 0 0.3438849205255836

uncertainty method: dkl
bbbp 0 0.6779513888888888
ece 0 0.12740354239940643
mce 0 0.3837815523147583
nll 0 0.6727262139320374
brier 0 0.23970346551342406

uncertainty method: sgld
bbbp 0 0.6548996913580246
ece 0 0.3669185936450958
mce 0 0.673671305179596
nll 0 1.3193998336791992
brier 0 0.3681337423537154

uncertainty method: sgld
bbbp 0 0.6677276234567902
ece 0 0.3890340030193329
mce 0 0.94477778673172
nll 0 1.5520108938217163
brier 0 0.3903137420551466

uncertainty method: focal
bbbp 0 0.7122878086419753
ece 0 0.16644902527332306
mce 0 0.4636634290218353
nll 0 0.6860777735710144
brier 0 0.23540740911468908

uncertainty method: focal
bbbp 0 0.6743827160493827
ece 0 0.1182871162891388
mce 0 0.5865688323974609
nll 0 0.6777845025062561
brier 0 0.23421500127818473

uncertainty method: none
bbbp 0 0.7055362654320987
ece 0 0.31702229380607605
mce 0 0.7143430113792419
nll 0 0.975594162940979
brier 0 0.31281769674151894


uncertainty method: none
bbbp 0 0.6937692901234569
ece 0 0.34469011425971985
mce 0 0.6375730633735657
nll 0 1.108597755432129
brier 0 0.34365277524338816

uncertainty method: none
bbbp 0 0.7028356481481481
ece 0 0.3392569124698639
mce 0 0.6258386969566345
nll 0 1.1139756441116333
brier 0 0.3376588217661262

uncertainty method: dkl
bbbp 0 0.7036072530864198
ece 0 0.13652464747428894
mce 0 0.44609418511390686
nll 0 0.6977314949035645
brier 0 0.25228169429637815

uncertainty method: focal
bbbp 0 0.7085262345679012
ece 0 0.1279626339673996
mce 0 0.4347187578678131
nll 0 0.6411190629005432
brier 0 0.22229600859143014

uncertainty method: sgld
bbbp 0 0.679783950617284
ece 0 0.3793502748012543
mce 0 0.6476243734359741
nll 0 1.3145400285720825
brier 0 0.3695549691621575

uncertainty method: none
bace 0 0.6271952703877586
ece 0 0.24083228409290314
mce 0 0.8092600703239441
nll 0 0.7905948162078857
brier 0 0.2951775398259581

uncertainty method: none
bbbp 0 0.7082368827160493
ece 0 0.32271888852119446
mce 0 0.5454307794570923
nll 0 1.2130228281021118
brier 0 0.3262471381696747

uncertainty method: dkl
bbbp 0 0.7022569444444444
ece 0 0.11381657421588898
mce 0 0.7347559928894043
nll 0 0.6862302422523499
brier 0 0.24598353192348563

uncertainty method: none
bbbp 0 0.7063078703703703
ece 0 0.32775765657424927
mce 0 0.6073417067527771
nll 0 1.1915223598480225
brier 0 0.3281133118146411

uncertainty method: dkl
bbbp 0 0.7092013888888888
ece 0 0.1195746511220932
mce 0 0.28580787777900696
nll 0 0.6875473260879517
brier 0 0.24668010675420574

uncertainty method: none
bace 0 0.6275430359937403
ece 0 0.2408379316329956
mce 0 0.8092366456985474
nll 0 0.7905424237251282
brier 0 0.2951561634301094

uncertainty method: none
