Time: 2024-02-23 21:53:40
dataset: qm7
 distance type: kernel
 iter: 0
  finetune result: dkl result: 129.48603653845305, nn result: 131.26674675631116
  subset order: dkl result: [16  8 83 18 61 96 13 43 76 99 93 90 85 37 40 14 21 44 71 48 87 28 64 24
 74 27 84 41 35 17 34 22 50 77  4  6  2 39 98 97 49 12 46  5  3  1 62 80
 32 23 47 79 58 57 70 95 56  0 60 10 25 81 55  7 42 66 11 63 86 19 36 38
 89 52 15 72 45 59 30 75 73 51 82 20 26  9 69 29 31 78 53 65 33 54 92 88
 68 94 67 91]

Time: 2024-02-23 22:26:19
dataset: qm7
 distance type: kernel
 iter: 1
  finetune result: dkl result: 826.3599384255068, nn result: 3176.892227253624
  subset order: dkl result: [37 32 71 94 99 97 92 51 26 61 24 70  0 27 62 46 85 76 34 13 65 81  7 28
 90 10 18 31 16 77 60 86 25 38 68 56 30 64 14 84 93 33 15 98  8 39 69 82
 58 23 17 59  6 87 74 52 96 44 49 66  5 22 11  3 47 95 89 42 72 19  2 78
 21 80 12 43 75 83 67 53 48 79 55 57 63 40 20  1 45 88 41 36  4  9 29 50
 35 91 54 73]

Time: 2024-02-23 22:58:47
dataset: qm7
 distance type: kernel
 iter: 2
  finetune result: dkl result: 163.5670898828056, nn result: 158.45231526491358
  subset order: dkl result: [ 0 67 99 89 19 92  4 57 39 62 81 10 32 85 36  2 21 23 38  7  9 29 72 95
 84 69 28 33 97 11 65 63 77 98 40 31 22 53 55 71 96 91 18 50 34 87 42 59
 74 60 82  5 56 64 80 94 24 45 41 48 20 54 47 30 14 27 88  8 90 46 79  3
 37 15 75 43  1 26 61 12 52 66 51 93 70 76 35 86 73 68 78 44 58 16  6 49
 25 13 17 83]

Time: 2024-02-23 23:30:50
dataset: qm7
 distance type: kernel
 iter: 3
  finetune result: dkl result: 189.1702086226465, nn result: 162.5552400688491
  subset order: dkl result: [78 37 36 62 39 96 32 24 21 35 19 64 92 84 16 13 28 74 79 18 46 85 43 12
 33 38 52 10  3 67 98 23 81  7 95 26 75 60 51 44 27  6 49 47 25 14 86 82
 68 71 11 93  0 40  2  4 31 57 29 72 50 90 87 89 20 61 94  5 66 15 55 76
 34  8 45 99 30 73 42 65 59 97 48 88 58 77 56 54 80 41  9 69 63 17 22 70
 83  1 91 53]

Time: 2024-02-24 00:02:45
dataset: qm7
 distance type: kernel
 iter: 4
  finetune result: dkl result: 156.50670666410178, nn result: 135.2726625311481
  subset order: dkl result: [94 84 16 62 89 32 46 97 96 49 48 18 54 82 92 93 75 83 78 55 11 17 80  2
 13 47 19  7 15 81 69 79 40 38 98 24  9 71 74 99 56 90 95 59 43  6 27 34
 70  5 35 85 37 58 88 23 66 41 57 29 42 73 10 60 52 26 31 50 25 30  3  1
 87  4 64 36  0 44 86 28 63 61 14 20 33 53 72 22 51 12  8 67 91 21 77 76
 68 39 65 45]

Time: 2024-02-24 00:34:47
dataset: qm7
 distance type: kernel
 iter: 5
  finetune result: dkl result: 220.995888272662, nn result: 198.25153492231442
  subset order: dkl result: [58 86 34 79 95 57 84 32 71  7  6 47 38 24 69 89 85 74 19 60 37 81 23 51
 26 82 14 92 52 18 76  9 35 65 91 55  0 99 46 83 70 28 59 62 11 13 88 94
  2 66 10 31 90 87 30 33 98 78 25 15 21 73 72 45  3 36 49 42 22 93 97 75
  4 48 96 53 12 77 61  5 68 67 27 16 63 64 44 54 56 80  8 40 41 50 43  1
 39 29 17 20]

Time: 2024-02-24 01:07:15
dataset: qm7
 distance type: kernel
 iter: 6
  finetune result: dkl result: 217.41583715772444, nn result: 205.44145524200104
  subset order: dkl result: [59 46 71 61 62 58 81 24 37 82 44 32 87 84 69 27 38 28  2 65 34 16 76 54
 94 99 80 22 35 72 21 95  1 26  3  0 85 97 33 96 70 90 64 74 52 19  7 86
 49 73 92 41 36 31 83 13 39 91 51 60 14  8 18 17 66 67 57 42 53 48 40 12
 79 29 23 63 93  6 89 56  5 98 68  9 88 47 78 20 10 30 55 11 15 45 43 50
  4 77 25 75]

Time: 2024-02-24 01:40:01
dataset: qm7
 distance type: kernel
 iter: 7
  finetune result: dkl result: 148.03048112541762, nn result: 147.43328414389973
  subset order: dkl result: [57 24 93 18 11 36 78  0 74  7 12 60 86 52 48 26 23 75 96 62 95 19  6 84
 39 47 16 51 38 91 21 46 98 15 14 65 69 49 99 70 43 67  2 35 89 10 37 22
 34 92 32 53 27 28 56 55 59 73 90 25 85 58 71 79 33 30 29 50 82 94  5 97
 66 61 72 44 83 87 42 68 31 54 77  3 13  1 40 63 45  9 76 80  8 20 64 17
 81 41 88  4]

Time: 2024-02-24 02:12:51
dataset: qm7
 distance type: kernel
 iter: 8
  finetune result: dkl result: 194.26161961987347, nn result: 195.3609072292126
  subset order: dkl result: [60  7 21 57 62 82 96 18 84 99 43 93 19 78 47 91 79 38 16 52 98 74 24 33
 67 48 13 86 23 97 34 11 25 12 26  0 46 72 31 61 81  6 36 92 40 64  2 70
 87 27 75 56 71  5 85 35 28 15  3 65 39 37 80 73 49 54 95 22 14 53 55 10
 51 30 58 42 94 83 66 88 77 44 76 68 32  8 45 29 63 50  1 90 59 89 17 20
  9  4 41 69]

Time: 2024-02-24 02:45:58
dataset: qm7
 distance type: kernel
 iter: 9
  finetune result: dkl result: 192.4109105957845, nn result: 190.21647353833703
  subset order: dkl result: [60 96 82 36 84 11 19 65 18 25 26  5 57 48 43 52 33 98 21 97 78 14 23 46
 13 34 62 45  0  1 58 41 79 51 67 56 12 39 88 47 37 44 15 80 61 22  7 10
 81 99 87 74 77 89 32 92 70  3 38 28 93 27 24 83 49  2 55 30 31 94 71 53
  6 85 72 91 73 59 90 75 63 16 40 35 86 95  8 29 64 68 76 69 42 17 20  4
 54 50 66  9]

