Time: 2024-02-24 19:12:15
dataset: qm7
 distance type: kernel
 iter: 0
  finetune result: dkl result: 129.99311854026905, nn result: 133.51205223684616
  subset order: dkl result: [62 13 37 85 67 16 28 60  7 64  2 34 73 15 71 87 21 18 81 72 89 93 58 95
 97 63 78 30 11 74 36 26 54 19 57 46 33 98 90 96 68 91 55 48 17 43 40 23
 69 39 84 22 82 27 50 99 51 31  1 65 35 92  4 20 44 86 53 24 49 52 76 56
 47 41 12 88 10 66 83 29 79 61  6 42  0  3 94 32 59 70 75  8 25 77 80  5
 14 45  9 38]

Time: 2024-02-24 19:49:15
dataset: qm7
 distance type: kernel
 iter: 1
  finetune result: dkl result: 277.582444415767, nn result: 537.7987682605094
  subset order: dkl result: [58 82 67 32 60  7 76  1 33 37 43 65 93 97 74 61 16 44 18 23 86 19 85 13
  2 46 57 55 50 73 99  0 89 10 92 94 27 35  9 59 12 48 79 53 41 66 49 34
 81 15 45 26 47 77 28  6 90 62 24 96 64 70  3 17 40  4 54 21 30 63 22 84
 91 52 68 78 69 51  8 56 29 95 42 98 14 36 88 80 25 31 87 83 39 20 72 38
 71  5 11 75]

Time: 2024-02-24 20:26:43
dataset: qm7
 distance type: kernel
 iter: 2
  finetune result: dkl result: 161.2217712143367, nn result: 188.81426274574315
  subset order: dkl result: [19 60 85 31 55 16 64 47 77 92 91  7 15 75 51 52 78 70  4 53 10 62 89  9
 37 97 56  6 66 29 13 98 63 61 73 33 35 28 95  5 87  0 39 57 94 84 86 72
 40 24 25 49  8 90 88 17 50 68 65 46 32 22 43 21 30 69 80 93 26 48  1 45
 41  3 12 67 81 42 36 34 11 76 18 54 20 74 44 58 27 99 23 79 59 82  2 71
 83 38 96 14]

Time: 2024-02-24 21:03:54
dataset: qm7
 distance type: kernel
 iter: 3
  finetune result: dkl result: 184.99497187885987, nn result: 178.0958508689914
  subset order: dkl result: [99 85 16 51 87 36 23 37 70 61 74  7 35 26 82 18 90 17 46 30 72  2 98 97
 57 62 41 60 96 15 58  4 10 89 80 54 63  3 38 21 14 69 32 45 12 44 43 91
 11 55 48 75 93 68 84 92 27 52 22 95 34 24 78 73 42 20 88 81  5  9 64  6
 56 19 50  0 53 79 47 94 13 67 86 66 25 33 28 65 71  1 29  8 77 39 83 40
 59 31 49 76]

Time: 2024-02-24 21:40:35
dataset: qm7
 distance type: kernel
 iter: 4
  finetune result: dkl result: 197.94001017723477, nn result: 169.92457175007013
  subset order: dkl result: [11 60 96 44 84  2 47 58 78 62 93 15 46 27  0 28 14  3 37 16 64 99 25 41
 91 39 74 19 67 32 24 82 38 18 79 36 48 33 72 90 43 31 12 68 51  6 23 57
 65 49 94 17 21 61 88 89 73  5 75 56 85 29 26 63  7 92  9 77 13 95 97 76
 55 71 87 40 81 54  1 98 52 50 53 66 20 80 30 70 86 42 22 10 35 83  8 59
  4 69 45 34]

Time: 2024-02-24 22:17:28
dataset: qm7
 distance type: kernel
 iter: 5
  finetune result: dkl result: 165.80994059896818, nn result: 166.95769659847195
  subset order: dkl result: [13 96 45 24 19  7 52 74 82 99 68 57 18 51 93 38 33 84 85 47 23 15 50 35
 21 48 28 97 11  0 62 95 72 58 44 12 75 40 25 37 69 73 70 26 60  5 88 67
 61 77 81 64 78  1 94 36 17 31  8  2 16 53 49 76 43 41 89 98 29 55 79 63
 92 90 83 27 56 46 34 87 80 30 66 22  6 14 86 20 32 54 59 65 10 42  4  3
 91 71 39  9]

Time: 2024-02-24 22:55:30
dataset: qm7
 distance type: kernel
 iter: 6
  finetune result: dkl result: 175.85584062895884, nn result: 190.85882672782674
  subset order: dkl result: [13  5  6 26 89 44 93 57 43 88 47 82 56 72 74 15 66 21 28 45  1 60 65 20
 31 16 78 22 79 77 58 32 67 96 46 73 29 84 68 91 97 69 95 71  7 35 37 11
  3 23 62 53 30 99 19 83 90 81 27 49 64 24 12  4 92  2 48 98 52 75 59 86
 54 25 80 10 18 36 87 14 17  9 76 94 39 85 50 41  0 61 70 33 38 34 40 42
 51 63  8 55]

Time: 2024-02-24 23:33:21
dataset: qm7
 distance type: kernel
 iter: 7
  finetune result: dkl result: 196.81718910207334, nn result: 231.79046307137116
  subset order: dkl result: [91 14 66 54 40 86 53 90 97 37  0 55 10 70 46 78 33 23 84 38 59 15 29 92
 71 27 26 18 22 41 20 36 62 28 96 58 89 85 11 43 60  7 39 67 51 16  6 44
 99 49  4 42 82  8 34 35 19 79  3 69 94 87 80 17 24 75 98 31 50 95  1 47
 12 65 56 48 52 83 30 32 61 74  9 72 21 64  2  5 76 45 68 73 57 81 77 88
 25 63 93 13]

Time: 2024-02-25 00:11:24
dataset: qm7
 distance type: kernel
 iter: 8
  finetune result: dkl result: 171.38449693327743, nn result: 171.52923654002376
  subset order: dkl result: [86 46 87 91 78 26 10  9 66  7 51 11 52 70 14 18 20 99 38 59 71 32 41 29
 58 56 97 94 96  3 40 88 25  2 15 28 48  1 92 63 37 77 45 19 67 95 73 24
 43  4 16 75 68 83  6 60 69 31 62 55 34  8 82 61 36 47 23 74 84 54 39 89
 17 64 13 44 72 98 57 85 80 49 42 27 35 81 53 65  5 90 76 50  0 79 30 21
 33 93 12 22]

Time: 2024-02-25 00:49:56
dataset: qm7
 distance type: kernel
 iter: 9
  finetune result: dkl result: 178.65698978634651, nn result: 179.44360767950081
  subset order: dkl result: [60 57 96 52 37 97 18 35 99 84 40 14  7 79 36 81 19 46 48 95 10  0 15 16
 47 21 67 74 13 28 41 11 70 43 31 73 22 92 82 24 90 39 12 98 26 93 72  6
 56 78 54 42 62 89 94 87  2 33 51 85 61 27 68 91  8 58 66 23 76 59 83 38
 44  5 25 77 32 65 71 30 64 86 75 34 63 17 53 20  3 45 88 55 69  1 80 49
 50  9 29  4]

Time: 2024-02-25 01:36:24
dataset: qm7
 distance type: kernel
 iter: 0
  finetune result: dkl result: 124.92413172541997, nn result: 126.9080937787428
  subset order: dkl result: [ 8 33  6 11 62 96 16  0 84 10 41 35 52 85 24 64 67 94 53 40 48 55 28 56
 46  4 91 76 44 32 71 89 14 79 26 87 80 74 13 60 15 27 69 25 34 54 12 88
 23 70 68 75 92  1 21 36 81 31  3 90 83 22 73 19  2  7 42 65 63 77 49 86
 18 17 50 37 93 66 39 59 30 20 38 97 57 51  5 47 58 61 29 98 43 82 72  9
 99 45 78 95]

Time: 2024-02-25 02:16:31
dataset: qm7
 distance type: kernel
 iter: 1
  finetune result: dkl result: 194.38394556821908, nn result: 171.02312620655044
  subset order: dkl result: [70 53 69 34 79 27 22 84 89 71 16 24 62 68  2 18 77  6 57 59 30  4 66 51
 36 39 82 48 19 41 12 64 17 91 54  8 95 23 92 20 96 52 38 74 83 55 44 85
 73 60 45 65 61 56  0 76  7 97 75 46 80 50 25 87 35 15 47  3 90 42 32  5
 49 21 33 93 26 67 94 28 63 11 78 31  9 81 10  1 37 13 40 72 86 99 29 88
 43 98 58 14]

Time: 2024-02-25 02:55:42
dataset: qm7
 distance type: kernel
 iter: 2
  finetune result: dkl result: 169.1839722190087, nn result: 172.64324253845626
  subset order: dkl result: [ 7 24 62 60 45 63 67 84  3 46 37 21 86 81 59 28 51 95 97 99 58  2 34 68
 26 27 80 43 70 18  8 72 48 57 85 47 78 73 39 10 22 96 55 71 23 31 16  0
 79 36 38 20 12 82 49 76 56  5 64 32 53 90 50 77 14 33 83 41 98 35 94 74
 19 13 92 42  1 29 54 87 30 69 17 52  9 40 66 61 91  4 88 25 15 44 11 89
 65 93  6 75]

Time: 2024-02-25 03:35:24
dataset: qm7
 distance type: kernel
 iter: 3
  finetune result: dkl result: 476.36697365702474, nn result: 385.4909193111582
  subset order: dkl result: [67 78 49  6 92 43 74 19 70 26 37 32  0 40 10 84 99 98 89 71 46 62  8 11
 58 16 50 88  1 17 45 80 15 38 52  7 23 18 96 79  3 31 54 21 86 14 91 60
 13 97 34 85 57 63 56 95  2 24 33 77 44 64 27 48 59 55 75 61 39 87 72 51
 12 65 82 73 53 68 20 35 66 93 69  9 42 41 94 81 30 22 28 90 47  5 83 36
 25  4 76 29]

Time: 2024-02-25 04:17:48
dataset: qm7
 distance type: kernel
 iter: 4
  finetune result: dkl result: 244.01976175131085, nn result: 215.88516174894536
  subset order: dkl result: [34 37 70 47 58 59  9 99  0 65 35 16 28 57 62 19 11 13 74 30 24 46 40 84
 42 71 86 66 85 17 49 76 93  6 33 56 45 96  2 14 55 94 69 77 22 61 67 32
 60 87 51 53 90 39 12 89 52 10 79 68 82 54 38 21 97  8 88  5 78 26  3 64
 72 91 18 95 48 81 98 31 80 27  7 63 50 15 36 20 75 43 92 83  4 29 44 73
 25 41 23  1]

Time: 2024-02-25 04:59:37
dataset: qm7
 distance type: kernel
 iter: 5
  finetune result: dkl result: 185.00143999373154, nn result: 195.62921840683114
  subset order: dkl result: [78 89  5 17 57 96 88 26 74 37 48 60 84 16 71 24 90 53 43  7 18 39 13 12
 97 95 52 82 73 14 11  2 35 94 32 59 72 27 55 58 99 33 70 75  3 50 67 21
 65 25 56 49 42 77 87 62 85 10 38 47 83 64 29 46 91 41 68 22  0  8 79 19
 31 34 15 80 36 81 98  6 93 61 45 76 69  1 63 28 54 44 51 40  4 23 20  9
 86 66 30 92]

Time: 2024-02-25 05:41:44
dataset: qm7
 distance type: kernel
 iter: 6
  finetune result: dkl result: 214.97411087267696, nn result: 227.0407370774791
  subset order: dkl result: [26  2 58 80 29 71  6 84 68 35 48 18 23 44 90 82 78 16 89 51 88 37 97 32
 92 40 99 79 46 64  5 45  1 76 72 20 22 60 91 96 53 13 59 50 11 12 74 75
 73 69 95 15 94 14 27 10 67  4 81 25 55  7 47 17 28 70 39 62 24  8 54 66
 33 98 87  0  3 43 31 30 34 65 63 56 93 41 52 86 85 42 77 61 21 36 49  9
 57 83 38 19]

Time: 2024-02-25 06:23:26
dataset: qm7
 distance type: kernel
 iter: 7
  finetune result: dkl result: 160.4752483737233, nn result: 162.1391577297121
  subset order: dkl result: [98 15 92 64  4 75 19 72 43 77 51 96 30 28 11 95 52 12 78 25 41  0 94 40
 74 16 63  1 88 29 24 13 82 31 91  6 39 70 35 44 49 18 14 10 86 46 42 33
  9 90 27 54 23 50 93 67 68 57 48 99  2  7 87 79 47 20 36 17 66  8 65 62
 76 73  3 61 38 45 60 55 34 80 53 32 89 83 85  5 21 26 22 81 59 97 56 69
 37 84 58 71]

Time: 2024-02-25 07:05:25
dataset: qm7
 distance type: kernel
 iter: 8
  finetune result: dkl result: 226.79475949213176, nn result: 224.32335022390302
  subset order: dkl result: [32 57 34 38 78 99 24 62 79 74 86 39 23 12 25 67 87 46 51 41 27 97  0 84
  2 92 18 72 77 60  1 11 16 58  7 26 49 89 43 29 69 65 30 42 19 50 13 70
 95 56 28  3 45 66 48 59 35 82 71 10 73  5 53 37 61 47 81 17  9 85 75 80
 63 21 90 91 52 33 44 20 14  8 40 96  6 15 68  4 88 36 22 55 31 64 93 98
 94 83 76 54]

Time: 2024-02-25 07:46:16
dataset: qm7
 distance type: kernel
 iter: 9
  finetune result: dkl result: 189.92890044236256, nn result: 184.4081306832161
  subset order: dkl result: [26  0 44 49 19  4  1 68  3 91 37 99 32 90 94 70 84  7  6 67 96 48 23 74
 28 64 27 33 77 51 41 29  2 79 98 42 12 65 17 95 57 81 55 46 39 11 82 86
 20 47 72 24 78 92  5 52 97 45 31 25 69 38 54 80 56 35 88 85 14 58 40 21
 18 16 60  8 10 59 73 75 62 36 53 93 15 71 30 34 22 66 87 43 13 63 61 76
 89  9 83 50]

