Time: 2024-02-25 15:43:16
dataset: qm7
 distance type: kernel order: order
 iter: 0
  finetune result: dkl result: 123.33182453486705, nn result: 121.57169841363333
  subset order: dkl result: [24 20 64 43 71 58 27 46 28 88 94 10 84 60 16 68 78 14 26 85 99 23 96 59
 51 47 56 22 32 19  2 17 48 44 63 95 36 72 98 97 21 67 53 90 76 33  5 75
 35 18 65 92 62 89 54 87 42 86 13 69 50  8 70 61 73 41 11 81  7  3 52 83
  0 82 74 57 31 38 79  9 30 37 25 66 40 93 45  4  6 29 39 55  1 12 34 77
 80 15 49 91]

Time: 2024-02-25 16:08:59
dataset: qm7
 distance type: kernel order: order
 iter: 1
  finetune result: dkl result: 135.39468722069313, nn result: 136.01631166937236
  subset order: dkl result: [96  7 89 18 57 24 82 40 21 58 45 84 10 28 69 62 99 44 79 27  2 30 71 86
 78 95 92 32 19 46 36 63 87  1 93 13  8 81 68 90 98 60 74 91 65 16 73 31
 33 66 77  6 41 94 15 37 34 17 49 22  5 11 38 42 53 48 47 76 61 55 72 67
 25  4 97  3 59  0 12 64 29 43 26 51 85 83 52 39 50 80 35 70 75 23 54 14
 56 88 20  9]

Time: 2024-02-25 16:34:30
dataset: qm7
 distance type: kernel order: order
 iter: 2
  finetune result: dkl result: 148.70106853927535, nn result: 140.08957385449656
  subset order: dkl result: [14 94 15 39 96 20 74 70 24 76 64 53 88 63 30 87 60 92 43 75 50 91 72 80
 52  4 66  6  5 67 18 25 89 95 68 40 28 93 84 59 41 46 47 85 90 11 26  7
 51 38 36 99 10 55 49  8 82 48  2 71 34 16 13 42 23 73 81 17 62 12  9 32
 83 69 19  0 97 37 79 22 57 33 44 21 56 35 31 77 29 54 61 86 27 45 78  1
 65 98 58  3]

Time: 2024-02-25 17:00:07
dataset: qm7
 distance type: kernel order: order
 iter: 3
  finetune result: dkl result: 155.71924827786745, nn result: 137.10921793226757
  subset order: dkl result: [11 28 16 26 34 62 96 78  0 21  6 93 70 49 64 95 60 12 35 51 19 50 82 47
 66 43 99 33 69 61 83 86 30 37 79 15 67 90 74  2  8 44  7 84 85 68 24 92
 18 98 48 72 39 36 13 17 10 14 45 53 52 65 77 42 31 76 22  3 57 97 23 38
 25 73 32  1 40 88 94 89 71 91 55 87 46 58 29 20 27 63 75 81  4 80  5 59
 56  9 41 54]

Time: 2024-02-25 17:25:50
dataset: qm7
 distance type: kernel order: order
 iter: 4
  finetune result: dkl result: 148.60437798098462, nn result: 137.6865616857759
  subset order: dkl result: [60 11 62 27 46 16 96 71  1 15 14 28 45 57 87 36 61 44 19 25 10 13 77  4
 39 18 99 86 70 83 38 84 74 37 72 30 58  5 40 67 51 31 43 91 81 34 21 47
 29 22 89 80 49 75 79 63 93 82 48  9  0 90 94 64 41 97  7 23 73 55 52 65
  8 68 50 42 26 92 12 98 35  6 53 24 33  2 17 59 69 78 54 88 95 32 76  3
 85 56 20 66]

Time: 2024-02-25 17:51:29
dataset: qm7
 distance type: kernel order: order
 iter: 5
  finetune result: dkl result: 317.94350224576544, nn result: 499.03292484386435
  subset order: dkl result: [37 60 51 84 21 89 96  6 73 87 94 45 43 26 49 71 12 34 66 16 86 32 23 68
 72  7 82 78 58 99 79 59 88 10 13 83 15 47 95 92 31 70 17  8 85 28 77 24
 93 18 46 38 33 11 50 22 65 55 97 19 56 30  3 98 20  0 62  4 48  2 61 91
 54 80 41 27 74 42 67 52 64 63 35 36 81 90 14 44 39 75 53 69  5 76  1  9
 29 57 25 40]

Time: 2024-02-25 18:15:57
dataset: qm7
 distance type: kernel order: order
 iter: 6
  finetune result: dkl result: 145.7163583514383, nn result: 181.997755789107
  subset order: dkl result: [28  7 95 73 22 77 69 40 61 92  0 26 53 86 62 21 30 66 60 65 76 52 10 84
 96 31 23 34 18 78 79 16 90 15 87 75 36  3 54 37 42 58 33 27 74 98 50 43
 93 71 64 97  6 70 91 81 67 59 82 11 85 48  4 47 24 57 49 35 56 41 12 63
 32 20 51 55 25  8 39 80 99 44 46 72 13 17 45  1 83 19 89  2 88 68 94 38
  5 14  9 29]

Time: 2024-02-25 18:41:27
dataset: qm7
 distance type: kernel order: order
 iter: 7
  finetune result: dkl result: 168.35856058998894, nn result: 183.73002260089618
  subset order: dkl result: [22 37 30 26 16 94 27 51 58 33 85 65 32 90 86 74 62 24 84 43 59 60 70 95
 67 10  8  7 48 28 46 75 97 21 96 19 14 38 49 76 93 47 13 56 87 36 92 71
 64 52 68 82 81  6 98 34 78  2  3 15  4 73 53 31 61 88 57 23 66 83 11 17
 39 69 99  1  0 80 42 25 20 63 12 72  5 44 91 79 35 77  9 18 40 89 41 55
 50 29 54 45]

Time: 2024-02-25 19:05:40
dataset: qm7
 distance type: kernel order: order
 iter: 8
  finetune result: dkl result: 328.1478359245964, nn result: 248.55763629166046
  subset order: dkl result: [58 84 81 46 61 86 69 57 22 85 24 26 16 45 90 47 34 96 73  3 44  8 83  5
 79 76  9 56 23 37 94 21 97 27 98 17 41 89 48 30 53  2 70 74 71 13 14 33
 43 32 39 49 38 67  0 78 65 62 60  7 28 59 42 72 54 64 80 95 63 15 82 55
 51 31 11 36 87 18 12 66 93 29 68  1 88 10 99 91 19 25 92 50 77 75  6  4
 40 35 20 52]

Time: 2024-02-25 19:31:35
dataset: qm7
 distance type: kernel order: order
 iter: 9
  finetune result: dkl result: 164.57752758299048, nn result: 157.30074950694427
  subset order: dkl result: [16  4 19 33 73 98 50 75 15 40 56 41 79 88 68 29 62 61 52 17 28 65 22 97
 27 11 31 91 13 53 78 96  6 44 42 45 26 48 10 94 60 32  7  2 49 86 39  8
  1 82 20 23 67 21 54 30 43 85 80 38 74 63 35 92 70 64 77  0 76 87  9 12
 72 95 46 69 58 99 36 71 25 51 66 81  3 84 90 57 24 83 93 59 47 89 18 55
 34  5 37 14]

Time: 2024-02-25 23:28:40
dataset: qm7
 distance type: kernel order: reverse
 iter: 0
  finetune result: dkl result: 135.09371398815705, nn result: 144.57085524444938
  subset order: dkl result: [58 69  3 47 83 97 10  2 60 96 67 13 92 68 29 78 38 33 44 95  4 43 42 15
 50 84 34 61 57 17 45 14 35 16 71 77 46 31 27 32 70 62  0 72 76 99 23 81
 51 26 88 49 11 24 85 40 89  6 39 59 86 18 65 63 22 36 48  8 21 64 79  7
 54 52  5 12 55 80 30 94 98  1 66 82 87 56 41 90 19 74 91 93 28 73 75 53
 25  9 20 37]

Time: 2024-02-25 23:51:42
dataset: qm7
 distance type: kernel order: reverse
 iter: 1
  finetune result: dkl result: 140.94545375447245, nn result: 131.9956993957376
  subset order: dkl result: [62 27 24 46 85 57 60 11 79 18 89 34 41 91 68 13 26 61 44 35 16 77 73 74
 71 78 15  4 96 87  7 38 54 25 43 14 53  8 97 72 55 37 82  1 56 40 63 48
 28 98 50 95 67 30 81 33 39 52 23 84 36 21 92 10 31 17 45  9 90 64 19  2
 86 49 20 12 99 29 32 58 93 94 75 76 69 65 83 59  5 42 88 70 51  6  0 47
 80  3 66 22]

Time: 2024-02-26 00:14:31
dataset: qm7
 distance type: kernel order: reverse
 iter: 2
  finetune result: dkl result: 140.22531533613298, nn result: 161.9435607573598
  subset order: dkl result: [93 60 99 26 35 62 32  2 82 72  7 78 84 64 96 71 94 89 42 81 14 37 15 34
 97 98 92 21 54 59 95 31 83 17 87 18 39 19 16 47 30  3 29 85 38 88 68 28
  8 24 91 49 90 58 51 80 79 67  6 25 55 27 41  1 20 10 43  0 50 53 44 74
 66 86 13 33 76 56 12 36 46 57 23 11 40  4 22 52 63 77 61 65 48 69  9 70
  5 45 73 75]

Time: 2024-02-26 00:37:05
dataset: qm7
 distance type: kernel order: reverse
 iter: 3
  finetune result: dkl result: 146.62054847156446, nn result: 139.71284825839084
  subset order: dkl result: [49 17 60 30 99 96  7 32 26 43 57 90 81 72 28 23 11 95 66 55 62 21 71 65
 92 98  2 50 89 15 69 37 35 44 78 84 82 10  8 91 22 18 87 77  6 85 19  9
 64 45 93 51 12 16 13 79 25 24 48 97 40 34 80 31 58 59 52 83 39 33 27 38
 86 46 41 36 68 67 42  0 54  3 47 14 75 74 53 73  5  4 29 70 20 61 94 56
 88 76  1 63]

Time: 2024-02-26 00:59:57
dataset: qm7
 distance type: kernel order: reverse
 iter: 4
  finetune result: dkl result: 308.0796687862585, nn result: 268.3655300252513
  subset order: dkl result: [99 51 11 60 74 26 97 35 82 30 89 34  0 21 71  8 93 72 42  7 96 58 59 37
 57 40 18  6 13 38 95 19 90 65 24 67 12 88 23 43 64 54 32 47 68 73 28 46
 44 14 27 69 66 94 48 53 79  9 70 10 36 78 45 49 15 25 86 75 55 92 84 80
 91 81 52 33 62 76  5 22 39 98 77 87  2 16 83 31 56 29 85 61  3 63 50 20
 17  1  4 41]

Time: 2024-02-26 01:22:55
dataset: qm7
 distance type: kernel order: reverse
 iter: 5
  finetune result: dkl result: 148.2025439582847, nn result: 132.71721892656586
  subset order: dkl result: [99 95 39 90 69 47 97 68 26 41 22 84 46  0  7 76 66 16 57 78 92 62 14 34
 51 79  1 33 59 25 21 50 53 81 86 12 88  5 23 13  9 44 71 37 32 63 48 43
 24 28 60 10 58 36 56  2 40 72 54 83 31 94 70 18 67 42 96 87 85 27 61 74
 15 75 38 45 55  3 11 29 49 52 20 35 98 17 82 91  8  4 77  6 80 73 93 89
 65 30 64 19]

Time: 2024-02-26 01:45:49
dataset: qm7
 distance type: kernel order: reverse
 iter: 6
  finetune result: dkl result: 159.35707979761145, nn result: 168.859673637521
  subset order: dkl result: [ 7 37 26 99 60 56 19 95 52 33 93 96 98 12  0 84 62 46 57 31 14 13  9 34
 35 18 15 30 21 78 77 76 67 74 43 24 40 28 64 49 89 11 71 44 51 82  6 16
 66 97 81 23 32 92 94 47 41 72  2 36 86 38 27 39  3 53 17 58 25  5 83 79
 70 65 59 61 10 50 45  1 54 80 68  8 29 63 90 55  4 42 87 48 91 88 22 69
 75 85 73 20]

Time: 2024-02-26 02:08:25
dataset: qm7
 distance type: kernel order: reverse
 iter: 7
  finetune result: dkl result: 143.2091129942313, nn result: 142.71631403549716
  subset order: dkl result: [99 37 66 51 93  0 82 74 28 69 19 43 60 58 10 35 16 21 65 95 77 40 26 34
 86 17 49 50 96 79 31 67 62 39 84  7 36 25 72 33  8 92 47 11 48 24 30 98
 64 85 22 15 13 70 52 14 44 97  2 63 83 89 59 46 81 45  9 68 78 87 38 29
 32 12 55 42 76 57  6 23 73 53 61 71 80 91 54 88 75 18 94 90 56  3 20 27
 41  4  5  1]

Time: 2024-02-26 02:31:14
dataset: qm7
 distance type: kernel order: reverse
 iter: 8
  finetune result: dkl result: 177.81966893898263, nn result: 212.3380064506667
  subset order: dkl result: [27 22 37 61 71 58  8 97  1 16 94 57 81 76  7 38 65 33 43  6 54 91 49 70
 84 28  3 73 34 46 59 64 69  9  5 32 96 26 99 56 23 24 44 13 47  0 19 12
 29  2 30 98 68 51 21 31 80 66 11 10 85 48 45 35 17 86 83 79 78 60 39 53
 36 95 40 20 67 90 75 88 74 82 41 14 50 55 52 18 25 92 93 72 77 15 89 62
 87 63  4 42]

Time: 2024-02-26 02:54:18
dataset: qm7
 distance type: kernel order: reverse
 iter: 9
  finetune result: dkl result: 166.57598324468492, nn result: 165.8647752858687
  subset order: dkl result: [60 24  7 45 11 96 44 28 84 16 52 10 41 68 37 32 46 92 43 58 62 57 19 93
 67 69 49 40  1 95 85 27 12 74 98 90 36 38 23 81 94 82 78 86 34  0  2 51
 65 29 18 21 80 71 91 13 77 76 64 25  5 33  3 35 48 61 83 53 72  8 79 55
 47 54 70 30  6  4 63 97 26 59 15 87 20 99 50 89 73 31 22 66 88 17 39  9
 42 56 75 14]

Time: 2024-02-27 00:50:09
Args: Namespace(device='cuda:2', pre_batch_size=2048, batch_size=128, pre_epochs=200, epochs=100, lr=0.001, lr_scale=1, decay=0, decay_dkl=0.0001, num_layer=5, emb_dim=300, proj_dim=300, dropout_ratio=0, JK='last', graph_pooling='mean', pre_dataset='zinc_standard_agent', dataset='qm7', output_model_file='', gnn_type='gin', seed=0, num_workers=8, aug1='random', aug_ratio1=0.2, aug2='random', aug_ratio2=0.2, sub_ratio=1, split='scaffold', eval_train=0, dis_type='kernel', ue_method='embsvdkl', n_ensemble=10, dkl_epochs=100, dkl_s='s2', n_inducing_points=1024, ind_type='random', dkl_scale=10, grid_bounds=10, grid_size=32, ll='elbo', extra_pll=True, csv=False, use_cfg=True, use_exp=False, tsb=False, order='reverse', save=False, load=False, save_kernel=False, tag='none', input_model_file='models_graphcl/graphcl_select.pth', task_type='reg', num_tasks=1)
dataset: qm7
 distance type: kernel order: reverse
 iter: 0
  finetune result: dkl result: 130.4670324139981, nn result: 127.70772271284665
  subset order: dkl result: [57 37 35 16 24 85 47  1 15 99 32 79  2 96 58 28 60 51 65 67 89 94 27 61
  7 44 76 48 84 77 46 36 83  8 19 11  9 66 98 41 23 45 49 62 81 69 13 26
 68 90 93  6 34 54 40 17 91 12 72 30 21 70 74 22 14 10 52 29 88 97 71 73
 92 59 55 25  3  4 78 82 56 86 43 64 38 33 18 95  0 50 87 39 75 80 31 53
 63 42  5 20]

Time: 2024-02-27 01:16:36
Args: Namespace(device='cuda:2', pre_batch_size=2048, batch_size=128, pre_epochs=200, epochs=100, lr=0.001, lr_scale=1, decay=0, decay_dkl=0.0001, num_layer=5, emb_dim=300, proj_dim=300, dropout_ratio=0, JK='last', graph_pooling='mean', pre_dataset='zinc_standard_agent', dataset='qm7', output_model_file='', gnn_type='gin', seed=0, num_workers=8, aug1='random', aug_ratio1=0.2, aug2='random', aug_ratio2=0.2, sub_ratio=1, split='scaffold', eval_train=0, dis_type='kernel', ue_method='embsvdkl', n_ensemble=10, dkl_epochs=100, dkl_s='s2', n_inducing_points=1024, ind_type='random', dkl_scale=10, grid_bounds=10, grid_size=32, ll='elbo', extra_pll=True, csv=False, use_cfg=True, use_exp=False, tsb=False, order='reverse', save=False, load=False, save_kernel=False, tag='none', input_model_file='models_graphcl/graphcl_select.pth', task_type='reg', num_tasks=1)
dataset: qm7
 distance type: kernel order: reverse
 iter: 1
  finetune result: dkl result: 145.49260689323842, nn result: 137.79082619717929
  subset order: dkl result: [26 32 93  9 99 79 27 47  0 65 70 21 86 19 15 34 77  7 94 66 14 51 18 59
 82 60 56 24 52 91 92 58 20 16 74  2 72 84 81 67 29 37 35 41 64 68 44 25
 43 49 13 50 33 31 62 96 97 38 11 89 78 53 45 48  6 87  5 57 83 36 80  1
 23 17 46 40  3 95 42 76 61 12 85 55 75 30 88  8 10 28 54 71 90 98  4 63
 73 22 39 69]

Time: 2024-02-27 01:42:56
Args: Namespace(device='cuda:2', pre_batch_size=2048, batch_size=128, pre_epochs=200, epochs=100, lr=0.001, lr_scale=1, decay=0, decay_dkl=0.0001, num_layer=5, emb_dim=300, proj_dim=300, dropout_ratio=0, JK='last', graph_pooling='mean', pre_dataset='zinc_standard_agent', dataset='qm7', output_model_file='', gnn_type='gin', seed=0, num_workers=8, aug1='random', aug_ratio1=0.2, aug2='random', aug_ratio2=0.2, sub_ratio=1, split='scaffold', eval_train=0, dis_type='kernel', ue_method='embsvdkl', n_ensemble=10, dkl_epochs=100, dkl_s='s2', n_inducing_points=1024, ind_type='random', dkl_scale=10, grid_bounds=10, grid_size=32, ll='elbo', extra_pll=True, csv=False, use_cfg=True, use_exp=False, tsb=False, order='reverse', save=False, load=False, save_kernel=False, tag='none', input_model_file='models_graphcl/graphcl_select.pth', task_type='reg', num_tasks=1)
dataset: qm7
 distance type: kernel order: reverse
 iter: 2
  finetune result: dkl result: 148.11339005155983, nn result: 141.6503113471293
  subset order: dkl result: [62 31  5 39 55 20 18 43 25 30 14 74 68 77 24  9 28 75 94 41 10 63 67 23
 85 87 84  7 46 66 11 96 80 36 51 82 86 15 50 98 19 47 78  2 93 72 12 95
 91 97 79  4 76 99 54 49 92 88 35 57 40 70 42 37 64 34 69 60 83 17 48 89
 33 53 52  1 32 56 29 59 21  0 45 81 26  6 22 44 38 61 73 27 58 65 90 13
  8 71 16  3]

Time: 2024-02-27 02:08:51
Args: Namespace(device='cuda:2', pre_batch_size=2048, batch_size=128, pre_epochs=200, epochs=100, lr=0.001, lr_scale=1, decay=0, decay_dkl=0.0001, num_layer=5, emb_dim=300, proj_dim=300, dropout_ratio=0, JK='last', graph_pooling='mean', pre_dataset='zinc_standard_agent', dataset='qm7', output_model_file='', gnn_type='gin', seed=0, num_workers=8, aug1='random', aug_ratio1=0.2, aug2='random', aug_ratio2=0.2, sub_ratio=1, split='scaffold', eval_train=0, dis_type='kernel', ue_method='embsvdkl', n_ensemble=10, dkl_epochs=100, dkl_s='s2', n_inducing_points=1024, ind_type='random', dkl_scale=10, grid_bounds=10, grid_size=32, ll='elbo', extra_pll=True, csv=False, use_cfg=True, use_exp=False, tsb=False, order='reverse', save=False, load=False, save_kernel=False, tag='none', input_model_file='models_graphcl/graphcl_select.pth', task_type='reg', num_tasks=1)
dataset: qm7
 distance type: kernel order: reverse
 iter: 3
  finetune result: dkl result: 140.44023981719346, nn result: 133.08131032941083
  subset order: dkl result: [28 37 60 95 24 96 26 74 52  6 82 21 33  7 99 62 93 32 61 58 45 18 35 68
 71 67 13 43 69 25  0 78 98 86 57 39 11  1  5 97 19 49 44 63 59 72 15 12
 70 22 51  9 31 30 27 47 92 84 56  2 90 79 66 64 46 34 91 94 54 89 29 75
 55 73 36 83 77  8 40 38 16 14 41 81 53 80 10 50 48 23 88 76 87 20 17 42
 85 65  4  3]

Time: 2024-02-27 02:34:39
Args: Namespace(device='cuda:2', pre_batch_size=2048, batch_size=128, pre_epochs=200, epochs=100, lr=0.001, lr_scale=1, decay=0, decay_dkl=0.0001, num_layer=5, emb_dim=300, proj_dim=300, dropout_ratio=0, JK='last', graph_pooling='mean', pre_dataset='zinc_standard_agent', dataset='qm7', output_model_file='', gnn_type='gin', seed=0, num_workers=8, aug1='random', aug_ratio1=0.2, aug2='random', aug_ratio2=0.2, sub_ratio=1, split='scaffold', eval_train=0, dis_type='kernel', ue_method='embsvdkl', n_ensemble=10, dkl_epochs=100, dkl_s='s2', n_inducing_points=1024, ind_type='random', dkl_scale=10, grid_bounds=10, grid_size=32, ll='elbo', extra_pll=True, csv=False, use_cfg=True, use_exp=False, tsb=False, order='reverse', save=False, load=False, save_kernel=False, tag='none', input_model_file='models_graphcl/graphcl_select.pth', task_type='reg', num_tasks=1)
dataset: qm7
 distance type: kernel order: reverse
 iter: 4
  finetune result: dkl result: 172.65790555121816, nn result: 196.0150736032085
  subset order: dkl result: [84  6 60 99 57 86 78 92 46  0 11 18 12 83 37 87 56 24 14  7 82 47 26 36
  5 71 67 51 93 27 58 88 21 61 89 38 62 85 31 52 13 69 32 68 64 66 74 77
 30 75 42 76 35 29 73 79 39 19  2 15 90 43 33 54 72 16 34 49 95 91 23 10
 97 55  9 96 48  3 22 17 44 94 40 59 98 20 28 25 81 65  1 50 41  8 63 80
 45 70  4 53]

Time: 2024-02-27 03:00:34
Args: Namespace(device='cuda:2', pre_batch_size=2048, batch_size=128, pre_epochs=200, epochs=100, lr=0.001, lr_scale=1, decay=0, decay_dkl=0.0001, num_layer=5, emb_dim=300, proj_dim=300, dropout_ratio=0, JK='last', graph_pooling='mean', pre_dataset='zinc_standard_agent', dataset='qm7', output_model_file='', gnn_type='gin', seed=0, num_workers=8, aug1='random', aug_ratio1=0.2, aug2='random', aug_ratio2=0.2, sub_ratio=1, split='scaffold', eval_train=0, dis_type='kernel', ue_method='embsvdkl', n_ensemble=10, dkl_epochs=100, dkl_s='s2', n_inducing_points=1024, ind_type='random', dkl_scale=10, grid_bounds=10, grid_size=32, ll='elbo', extra_pll=True, csv=False, use_cfg=True, use_exp=False, tsb=False, order='reverse', save=False, load=False, save_kernel=False, tag='none', input_model_file='models_graphcl/graphcl_select.pth', task_type='reg', num_tasks=1)
dataset: qm7
 distance type: kernel order: reverse
 iter: 5
  finetune result: dkl result: 173.17943054642944, nn result: 153.5991289067502
  subset order: dkl result: [19 96 12 24 98 93 62 60 74 51 11 35 73  7 13 82 15 45 36 37 32 79 67  3
 48 99 21 31 28 95 56 39 33 52 71 92 78 49 68 43 38 16 46 70 47  0 18  2
 85 44 94 84 64 65 50 30 27 25  5 23 34 72 41 88 75 80 90 10 57 14 77 97
 66 26 22 58  6 53 83 86 17 81 63 55 87 59 40 61  1 42  8 76 91 54 29 89
 69  9 20  4]

Time: 2024-02-27 03:26:46
Args: Namespace(device='cuda:2', pre_batch_size=2048, batch_size=128, pre_epochs=200, epochs=100, lr=0.001, lr_scale=1, decay=0, decay_dkl=0.0001, num_layer=5, emb_dim=300, proj_dim=300, dropout_ratio=0, JK='last', graph_pooling='mean', pre_dataset='zinc_standard_agent', dataset='qm7', output_model_file='', gnn_type='gin', seed=0, num_workers=8, aug1='random', aug_ratio1=0.2, aug2='random', aug_ratio2=0.2, sub_ratio=1, split='scaffold', eval_train=0, dis_type='kernel', ue_method='embsvdkl', n_ensemble=10, dkl_epochs=100, dkl_s='s2', n_inducing_points=1024, ind_type='random', dkl_scale=10, grid_bounds=10, grid_size=32, ll='elbo', extra_pll=True, csv=False, use_cfg=True, use_exp=False, tsb=False, order='reverse', save=False, load=False, save_kernel=False, tag='none', input_model_file='models_graphcl/graphcl_select.pth', task_type='reg', num_tasks=1)
dataset: qm7
 distance type: kernel order: reverse
 iter: 6
  finetune result: dkl result: 153.64402139597945, nn result: 148.08288619424104
  subset order: dkl result: [58  6 84 87 37 48 22 30 79 74 57 46 90 70  0 78 67  2 51 28 86 62 71 35
  7 85 19 43 10  8 83 16 69 36 32 14 93 47 64 61 96 60 80 98 76 53 81 56
 11 94 24 27 45 92 13 68 25 31 52 40 29 34 49 21 18 55 33  3 99 15 97 44
 26 95 88 38 50 82 17 75 42 41 77 12 66 23 65 72  5 89  1 54  4 91  9 73
 63 39 59 20]

Time: 2024-02-27 03:53:05
Args: Namespace(device='cuda:2', pre_batch_size=2048, batch_size=128, pre_epochs=200, epochs=100, lr=0.001, lr_scale=1, decay=0, decay_dkl=0.0001, num_layer=5, emb_dim=300, proj_dim=300, dropout_ratio=0, JK='last', graph_pooling='mean', pre_dataset='zinc_standard_agent', dataset='qm7', output_model_file='', gnn_type='gin', seed=0, num_workers=8, aug1='random', aug_ratio1=0.2, aug2='random', aug_ratio2=0.2, sub_ratio=1, split='scaffold', eval_train=0, dis_type='kernel', ue_method='embsvdkl', n_ensemble=10, dkl_epochs=100, dkl_s='s2', n_inducing_points=1024, ind_type='random', dkl_scale=10, grid_bounds=10, grid_size=32, ll='elbo', extra_pll=True, csv=False, use_cfg=True, use_exp=False, tsb=False, order='reverse', save=False, load=False, save_kernel=False, tag='none', input_model_file='models_graphcl/graphcl_select.pth', task_type='reg', num_tasks=1)
dataset: qm7
 distance type: kernel order: reverse
 iter: 7
  finetune result: dkl result: 170.1401310547015, nn result: 184.54646372473323
  subset order: dkl result: [28 62 78 37 60 95 25 68 10  7 39 84 64 44 43 42 58 36 17 57 92 99 34  3
 56 24  0 79 16 26 96 87 85 69 51 15 67 90 14 74 49 88 20 46 71 52 47 89
 18 48 21 32 94 19 81 77 33 86 22 91 35  6  5 38 12 98 93 54 59 75 82 70
 97 11 23  2 29 76 55 27 13 61 31 40  1 41 53 45 50 66  9 72  4 73 65 30
 80 63 83  8]

Time: 2024-02-27 04:19:25
Args: Namespace(device='cuda:2', pre_batch_size=2048, batch_size=128, pre_epochs=200, epochs=100, lr=0.001, lr_scale=1, decay=0, decay_dkl=0.0001, num_layer=5, emb_dim=300, proj_dim=300, dropout_ratio=0, JK='last', graph_pooling='mean', pre_dataset='zinc_standard_agent', dataset='qm7', output_model_file='', gnn_type='gin', seed=0, num_workers=8, aug1='random', aug_ratio1=0.2, aug2='random', aug_ratio2=0.2, sub_ratio=1, split='scaffold', eval_train=0, dis_type='kernel', ue_method='embsvdkl', n_ensemble=10, dkl_epochs=100, dkl_s='s2', n_inducing_points=1024, ind_type='random', dkl_scale=10, grid_bounds=10, grid_size=32, ll='elbo', extra_pll=True, csv=False, use_cfg=True, use_exp=False, tsb=False, order='reverse', save=False, load=False, save_kernel=False, tag='none', input_model_file='models_graphcl/graphcl_select.pth', task_type='reg', num_tasks=1)
dataset: qm7
 distance type: kernel order: reverse
 iter: 8
  finetune result: dkl result: 158.55447235156873, nn result: 145.83154647575103
  subset order: dkl result: [58 33 19  0 62 82 36 49 70 47  7 84 52 48 46 86 14 64 96 60 11 78 79 67
 45 21 43 68 39 69 57 28 32 13 24 37  6 18 74 83 97 30 53  2 66 91 56 17
 92 25 73 23 75  3 71  5 55 59 16 10 34 77 38 76 81 99 27 72 15 22 90 95
 31 41  8 12 63 61 51 44 50 40 35 93 89 29 26  9 54 80 87 98 42 85 20  1
 88 94  4 65]

Time: 2024-02-27 04:45:37
Args: Namespace(device='cuda:2', pre_batch_size=2048, batch_size=128, pre_epochs=200, epochs=100, lr=0.001, lr_scale=1, decay=0, decay_dkl=0.0001, num_layer=5, emb_dim=300, proj_dim=300, dropout_ratio=0, JK='last', graph_pooling='mean', pre_dataset='zinc_standard_agent', dataset='qm7', output_model_file='', gnn_type='gin', seed=0, num_workers=8, aug1='random', aug_ratio1=0.2, aug2='random', aug_ratio2=0.2, sub_ratio=1, split='scaffold', eval_train=0, dis_type='kernel', ue_method='embsvdkl', n_ensemble=10, dkl_epochs=100, dkl_s='s2', n_inducing_points=1024, ind_type='random', dkl_scale=10, grid_bounds=10, grid_size=32, ll='elbo', extra_pll=True, csv=False, use_cfg=True, use_exp=False, tsb=False, order='reverse', save=False, load=False, save_kernel=False, tag='none', input_model_file='models_graphcl/graphcl_select.pth', task_type='reg', num_tasks=1)
dataset: qm7
 distance type: kernel order: reverse
 iter: 9
  finetune result: dkl result: 184.08363925761006, nn result: 180.8606865034628
  subset order: dkl result: [84 52 60 26  7 12  2 57 18 47 76  0 58 43 21 46 85  6 49 19 93 16 37 51
 82 87 74 89 79 30 95 35 36 39 98 29 62 24 83 40 88 56  5 25 34 14 69 32
 28 94 80 96  8  9 86 42 68 59 45 90 10 73 78 91 41 11 61  3 70 38 71 48
 81 75 54 22 55 13 31 53 65 97 33 92 67 72 99 17 77 50 23 15 64  1 63 27
  4 66 20 44]

Time: 2024-02-27 17:23:02
Args: Namespace(device='cuda:2', pre_batch_size=2048, batch_size=128, pre_epochs=200, epochs=100, lr=0.001, lr_scale=1, decay=0, decay_dkl=0.0001, num_layer=5, emb_dim=300, proj_dim=300, dropout_ratio=0, JK='last', graph_pooling='mean', pre_dataset='zinc_standard_agent', dataset='qm7', output_model_file='', gnn_type='gin', seed=0, num_workers=8, aug1='random', aug_ratio1=0.2, aug2='random', aug_ratio2=0.2, sub_ratio=1, split='scaffold', eval_train=0, dis_type='kernel', ue_method='embsvdkl', n_ensemble=10, dkl_epochs=100, dkl_s='s2', n_inducing_points=1024, ind_type='random', dkl_scale=10, grid_bounds=10, grid_size=32, ll='elbo', extra_pll=True, csv=False, use_cfg=True, use_exp=False, tsb=False, order='order', save=False, load=False, save_kernel=False, tag='none', input_model_file='models_graphcl/graphcl_select.pth', task_type='reg', num_tasks=1)
dataset: qm7
 distance type: kernel order: order
 iter: 0
  finetune result: dkl result: 134.8840751877152, nn result: 142.7667791263928
  subset order: dkl result: [70 86 57 67 28 10 96 27  4 71  2 59 36 94  8 99 90 91 60 34 13 98 46 89
 61 17 18 40 77  1 31 52 84 88 66 19 21 47  6 51 30 76 25 83  5 58 74 44
 63 69 15 55 64 85 68 48 43 11 24 33  3 72 37 97 41  7 62 54 12 65 82 73
 87 56 92 80 45 53 20 26 79 22 95 50  0 49 38 35 78 81 39 14  9 75 29 16
 23 42 93 32]

Time: 2024-02-27 17:55:46
Args: Namespace(device='cuda:2', pre_batch_size=2048, batch_size=128, pre_epochs=200, epochs=100, lr=0.001, lr_scale=1, decay=0, decay_dkl=0.0001, num_layer=5, emb_dim=300, proj_dim=300, dropout_ratio=0, JK='last', graph_pooling='mean', pre_dataset='zinc_standard_agent', dataset='qm7', output_model_file='', gnn_type='gin', seed=0, num_workers=8, aug1='random', aug_ratio1=0.2, aug2='random', aug_ratio2=0.2, sub_ratio=1, split='scaffold', eval_train=0, dis_type='kernel', ue_method='embsvdkl', n_ensemble=10, dkl_epochs=100, dkl_s='s2', n_inducing_points=1024, ind_type='random', dkl_scale=10, grid_bounds=10, grid_size=32, ll='elbo', extra_pll=True, csv=False, use_cfg=True, use_exp=False, tsb=False, order='order', save=False, load=False, save_kernel=False, tag='none', input_model_file='models_graphcl/graphcl_select.pth', task_type='reg', num_tasks=1)
dataset: qm7
 distance type: kernel order: order
 iter: 1
  finetune result: dkl result: 140.90269878782956, nn result: 129.00344666442035
  subset order: dkl result: [95 16 68 89 43 34 78 40 62  7 90 15 48 74 39 96  0 12 36 11  2 47 37 82
 60 26 18 46 32 67 31 21 19 57 79 92 87 93 27 97 17 65 91  1 45 64 69 44
 86 13 10 58 52 29 24 63 73 98 85 25 28 70 72 61 33 35 14  4 54 30 50  8
 81 42 20 38 23 55 94 56  6  5  9 80 75 84 83 53 51 77 71 49 76 88 99 59
  3 66 41 22]

Time: 2024-02-27 18:28:21
Args: Namespace(device='cuda:2', pre_batch_size=2048, batch_size=128, pre_epochs=200, epochs=100, lr=0.001, lr_scale=1, decay=0, decay_dkl=0.0001, num_layer=5, emb_dim=300, proj_dim=300, dropout_ratio=0, JK='last', graph_pooling='mean', pre_dataset='zinc_standard_agent', dataset='qm7', output_model_file='', gnn_type='gin', seed=0, num_workers=8, aug1='random', aug_ratio1=0.2, aug2='random', aug_ratio2=0.2, sub_ratio=1, split='scaffold', eval_train=0, dis_type='kernel', ue_method='embsvdkl', n_ensemble=10, dkl_epochs=100, dkl_s='s2', n_inducing_points=1024, ind_type='random', dkl_scale=10, grid_bounds=10, grid_size=32, ll='elbo', extra_pll=True, csv=False, use_cfg=True, use_exp=False, tsb=False, order='order', save=False, load=False, save_kernel=False, tag='none', input_model_file='models_graphcl/graphcl_select.pth', task_type='reg', num_tasks=1)
dataset: qm7
 distance type: kernel order: order
 iter: 2
  finetune result: dkl result: 285.6192127511253, nn result: 264.666212000067
  subset order: dkl result: [60 15 84 57 16 18 96 24 11 64 87 27 33 19 10 81  7 58 61 34 43 89 93 95
 98 94 85 79 28 36 82 35 37 67 38 44 50 74 62 26 45 25 14 90 88 63 77  6
 72 78  2  0 97 80 46 17 52 70 48 30 32 41 68 39 55 86 56 83 20 31  1  8
 99 40  4 49 29 92 21 76 13 69 47 54 51 42 23 12  3 75 65 53 22 59  5 66
 73 71  9 91]

Time: 2024-02-27 19:03:05
Args: Namespace(device='cuda:2', pre_batch_size=2048, batch_size=128, pre_epochs=200, epochs=100, lr=0.001, lr_scale=1, decay=0, decay_dkl=0.0001, num_layer=5, emb_dim=300, proj_dim=300, dropout_ratio=0, JK='last', graph_pooling='mean', pre_dataset='zinc_standard_agent', dataset='qm7', output_model_file='', gnn_type='gin', seed=0, num_workers=8, aug1='random', aug_ratio1=0.2, aug2='random', aug_ratio2=0.2, sub_ratio=1, split='scaffold', eval_train=0, dis_type='kernel', ue_method='embsvdkl', n_ensemble=10, dkl_epochs=100, dkl_s='s2', n_inducing_points=1024, ind_type='random', dkl_scale=10, grid_bounds=10, grid_size=32, ll='elbo', extra_pll=True, csv=False, use_cfg=True, use_exp=False, tsb=False, order='order', save=False, load=False, save_kernel=False, tag='none', input_model_file='models_graphcl/graphcl_select.pth', task_type='reg', num_tasks=1)
dataset: qm7
 distance type: kernel order: order
 iter: 3
  finetune result: dkl result: 233.3836706333282, nn result: 211.92948517295932
  subset order: dkl result: [99  7 60 96 26 75 94 39  9 12 47 70 77 50  5 93 11 30 28 84 18 74 66 32
 72  2 14 19 38 13 31 90 68 49 34 51 52  0 95 64 53 63 35  4 59 15 33 57
 23 62 24 98 91 79 82 67 69 92 81 43 10 20 89 86 56  1 83 85 36 37 87 45
 25 78 65  6  8 80 61 40 54 17 48 76 88 27 16 55 21 42 71 44 46 29 22 41
 97  3 58 73]

Time: 2024-02-27 19:33:29
Args: Namespace(device='cuda:2', pre_batch_size=2048, batch_size=128, pre_epochs=200, epochs=100, lr=0.001, lr_scale=1, decay=0, decay_dkl=0.0001, num_layer=5, emb_dim=300, proj_dim=300, dropout_ratio=0, JK='last', graph_pooling='mean', pre_dataset='zinc_standard_agent', dataset='qm7', output_model_file='', gnn_type='gin', seed=0, num_workers=8, aug1='random', aug_ratio1=0.2, aug2='random', aug_ratio2=0.2, sub_ratio=1, split='scaffold', eval_train=0, dis_type='kernel', ue_method='embsvdkl', n_ensemble=10, dkl_epochs=100, dkl_s='s2', n_inducing_points=1024, ind_type='random', dkl_scale=10, grid_bounds=10, grid_size=32, ll='elbo', extra_pll=True, csv=False, use_cfg=True, use_exp=False, tsb=False, order='order', save=False, load=False, save_kernel=False, tag='none', input_model_file='models_graphcl/graphcl_select.pth', task_type='reg', num_tasks=1)
dataset: qm7
 distance type: kernel order: order
 iter: 4
  finetune result: dkl result: 147.7224392682655, nn result: 142.8678386992983
  subset order: dkl result: [79 26 89 21 14 24 98 18 34 28  7 13 62 27 19 77 95 54 57 11 78 37 86 68
 56 70  5  2 82 74 69 83 84 93 76 39 72 20 15 96 99 12 65 71 10 51 66 49
 16 23 29 43 48 38 46 44 61 67  1 47 45 94 81 85 58 35 91 36 73  0 64  4
 32 97 87 60 80 22 40 59 17 33 31  9  8 30  3 92 55 25 88 52 50 63 90  6
 53 75 41 42]

Time: 2024-02-27 20:05:42
Args: Namespace(device='cuda:2', pre_batch_size=2048, batch_size=128, pre_epochs=200, epochs=100, lr=0.001, lr_scale=1, decay=0, decay_dkl=0.0001, num_layer=5, emb_dim=300, proj_dim=300, dropout_ratio=0, JK='last', graph_pooling='mean', pre_dataset='zinc_standard_agent', dataset='qm7', output_model_file='', gnn_type='gin', seed=0, num_workers=8, aug1='random', aug_ratio1=0.2, aug2='random', aug_ratio2=0.2, sub_ratio=1, split='scaffold', eval_train=0, dis_type='kernel', ue_method='embsvdkl', n_ensemble=10, dkl_epochs=100, dkl_s='s2', n_inducing_points=1024, ind_type='random', dkl_scale=10, grid_bounds=10, grid_size=32, ll='elbo', extra_pll=True, csv=False, use_cfg=True, use_exp=False, tsb=False, order='order', save=False, load=False, save_kernel=False, tag='none', input_model_file='models_graphcl/graphcl_select.pth', task_type='reg', num_tasks=1)
dataset: qm7
 distance type: kernel order: order
 iter: 5
  finetune result: dkl result: 171.22299192251486, nn result: 177.43281385652324
  subset order: dkl result: [74 84 57 60 15 23 78 65 11 14 75 96  7 18 35 19 33 52 99 93  6 89 76 82
 34 10 95 27 37 73 51 62 16 49 70 17 36 24 61 13 30  5 28 72 26 68 48  2
 83 12  8 80 50 25 79 64 32 59 43 40  0 56 31 46 91 66 92 77  9 21 87 67
 98 90 42 45  4 58  1 41 85 44 88 54 53 86 22 39 47 69 55 94 38 63 29 81
 71 97 20  3]

Time: 2024-02-27 20:37:46
Args: Namespace(device='cuda:2', pre_batch_size=2048, batch_size=128, pre_epochs=200, epochs=100, lr=0.001, lr_scale=1, decay=0, decay_dkl=0.0001, num_layer=5, emb_dim=300, proj_dim=300, dropout_ratio=0, JK='last', graph_pooling='mean', pre_dataset='zinc_standard_agent', dataset='qm7', output_model_file='', gnn_type='gin', seed=0, num_workers=8, aug1='random', aug_ratio1=0.2, aug2='random', aug_ratio2=0.2, sub_ratio=1, split='scaffold', eval_train=0, dis_type='kernel', ue_method='embsvdkl', n_ensemble=10, dkl_epochs=100, dkl_s='s2', n_inducing_points=1024, ind_type='random', dkl_scale=10, grid_bounds=10, grid_size=32, ll='elbo', extra_pll=True, csv=False, use_cfg=True, use_exp=False, tsb=False, order='order', save=False, load=False, save_kernel=False, tag='none', input_model_file='models_graphcl/graphcl_select.pth', task_type='reg', num_tasks=1)
dataset: qm7
 distance type: kernel order: order
 iter: 6
  finetune result: dkl result: 147.71978987460446, nn result: 155.83668118453537
  subset order: dkl result: [26 54 16 70 47 14 38 62 23 81 37 67  7 19 99 60 48  3  6 52 18 55 39 25
  5 57 98 96 95 10 85 51 33 12 87 43 11 32 21 88 84 36 90 61 69 92  0 24
 46 41 45 79 58 35 42 44 71 56 64 49 97 94 27 72 34 82 22 76  1 74 28  4
 29 17 77 59 66 31 68 78 86  2 40 80 30 20 15 13 73 93 53  8 65 89 75 50
 83  9 91 63]

Time: 2024-02-27 21:09:22
Args: Namespace(device='cuda:2', pre_batch_size=2048, batch_size=128, pre_epochs=200, epochs=100, lr=0.001, lr_scale=1, decay=0, decay_dkl=0.0001, num_layer=5, emb_dim=300, proj_dim=300, dropout_ratio=0, JK='last', graph_pooling='mean', pre_dataset='zinc_standard_agent', dataset='qm7', output_model_file='', gnn_type='gin', seed=0, num_workers=8, aug1='random', aug_ratio1=0.2, aug2='random', aug_ratio2=0.2, sub_ratio=1, split='scaffold', eval_train=0, dis_type='kernel', ue_method='embsvdkl', n_ensemble=10, dkl_epochs=100, dkl_s='s2', n_inducing_points=1024, ind_type='random', dkl_scale=10, grid_bounds=10, grid_size=32, ll='elbo', extra_pll=True, csv=False, use_cfg=True, use_exp=False, tsb=False, order='order', save=False, load=False, save_kernel=False, tag='none', input_model_file='models_graphcl/graphcl_select.pth', task_type='reg', num_tasks=1)
dataset: qm7
 distance type: kernel order: order
 iter: 7
  finetune result: dkl result: 149.7034838024815, nn result: 157.83845495792062
  subset order: dkl result: [82 16 28  7 98 60 24 96 35 74 32 67 93 13 19 14 34 70 26 49 64 43 95 48
 37 40 15 90 87 58 38  6 23 78 85 18 33 36  8 52 91 10 71 57 99 68 27 84
 86  2 44 31 30 97 72 25 47 51 21 46 89 29  0 81 62 76 59 11 54  5 12 94
 50 83 39 69 45 65 56 80 66 55 77 92 75 79 88 42  4 17 61  3  1 53  9 20
 41 63 73 22]

Time: 2024-02-27 21:43:02
Args: Namespace(device='cuda:2', pre_batch_size=2048, batch_size=128, pre_epochs=200, epochs=100, lr=0.001, lr_scale=1, decay=0, decay_dkl=0.0001, num_layer=5, emb_dim=300, proj_dim=300, dropout_ratio=0, JK='last', graph_pooling='mean', pre_dataset='zinc_standard_agent', dataset='qm7', output_model_file='', gnn_type='gin', seed=0, num_workers=8, aug1='random', aug_ratio1=0.2, aug2='random', aug_ratio2=0.2, sub_ratio=1, split='scaffold', eval_train=0, dis_type='kernel', ue_method='embsvdkl', n_ensemble=10, dkl_epochs=100, dkl_s='s2', n_inducing_points=1024, ind_type='random', dkl_scale=10, grid_bounds=10, grid_size=32, ll='elbo', extra_pll=True, csv=False, use_cfg=True, use_exp=False, tsb=False, order='order', save=False, load=False, save_kernel=False, tag='none', input_model_file='models_graphcl/graphcl_select.pth', task_type='reg', num_tasks=1)
dataset: qm7
 distance type: kernel order: order
 iter: 8
  finetune result: dkl result: 200.12507247267388, nn result: 179.7016774172463
  subset order: dkl result: [ 0 46 24 21 60 28 14 84 99 74 37 62 26 67 34 96 49 58 19 32  6 95 18 78
 39 10 40 15 16 64 12 57 85 48 53 90 79 36 47 59 44 82 17 70 69 86 81 93
 73 25 72 29 43  8 88 71 27 38 42 94  7 91 52 22 61 41 23 11 92 87 77 56
 83 68  3 76 45  2 51 89 55 35 63 31 30 98 80 54  5 65 66 33 97 20 75 13
 50  9  1  4]

Time: 2024-02-27 22:17:37
Args: Namespace(device='cuda:2', pre_batch_size=2048, batch_size=128, pre_epochs=200, epochs=100, lr=0.001, lr_scale=1, decay=0, decay_dkl=0.0001, num_layer=5, emb_dim=300, proj_dim=300, dropout_ratio=0, JK='last', graph_pooling='mean', pre_dataset='zinc_standard_agent', dataset='qm7', output_model_file='', gnn_type='gin', seed=0, num_workers=8, aug1='random', aug_ratio1=0.2, aug2='random', aug_ratio2=0.2, sub_ratio=1, split='scaffold', eval_train=0, dis_type='kernel', ue_method='embsvdkl', n_ensemble=10, dkl_epochs=100, dkl_s='s2', n_inducing_points=1024, ind_type='random', dkl_scale=10, grid_bounds=10, grid_size=32, ll='elbo', extra_pll=True, csv=False, use_cfg=True, use_exp=False, tsb=False, order='order', save=False, load=False, save_kernel=False, tag='none', input_model_file='models_graphcl/graphcl_select.pth', task_type='reg', num_tasks=1)
dataset: qm7
 distance type: kernel order: order
 iter: 9
  finetune result: dkl result: 218.0063479143438, nn result: 201.94342709248133
  subset order: dkl result: [58 60 87 77 83 68 94 62 46 90  2 22 75 53 28 97 59 19 49 11 66 47 99 73
 51  4  6 27 18 84  8  7 57 34 44 35  5 26 48 78 12 29 45 63 56 20 89 13
 16 65 32 95 15 24 79 37 21 14 70 38 74 36 64 42 31 55 96 54 10 25 85 41
 93  9 91  3 76 33 23 80 92 88 69 82  0 72 30 50 61 71 43 52 98 40 86  1
 81 67 39 17]

Time: 2024-02-28 03:36:24
Args: Namespace(device='cuda:2', pre_batch_size=2048, batch_size=128, pre_epochs=200, epochs=100, lr=0.001, lr_scale=1, decay=0, decay_dkl=0.0001, num_layer=5, emb_dim=300, proj_dim=300, dropout_ratio=0, JK='last', graph_pooling='mean', pre_dataset='zinc_standard_agent', dataset='qm7', output_model_file='', gnn_type='gin', seed=0, num_workers=8, aug1='random', aug_ratio1=0.2, aug2='random', aug_ratio2=0.2, sub_ratio=1, split='scaffold', eval_train=0, dis_type='kernel', ue_method='embsvdkl', n_ensemble=10, dkl_epochs=100, dkl_s='s2', n_inducing_points=1024, ind_type='random', dkl_scale=10, grid_bounds=10, grid_size=32, ll='elbo', extra_pll=True, csv=False, use_cfg=True, use_exp=False, tsb=False, order='random', save=False, load=False, save_kernel=False, tag='none', input_model_file='models_graphcl/graphcl_select.pth', task_type='reg', num_tasks=1)
dataset: qm7
 distance type: kernel order: random
 iter: 0
  finetune result: dkl result: 124.39208114604855, nn result: 126.90431017914227
  subset order: dkl result: [88, 26, 78, 49, 94, 42, 71, 57, 24, 22, 75, 52, 89, 35, 54, 86, 12, 7, 45, 74, 37, 16, 40, 23, 0, 82, 55, 51, 98, 50, 41, 61, 65, 47, 44, 18, 56, 93, 4, 6, 67, 17, 70, 66, 11, 32, 80, 73, 77, 9, 87, 60, 25, 1, 90, 14, 39, 63, 20, 48, 13, 58, 29, 10, 27, 59, 33, 19, 28, 81, 2, 95, 79, 85, 15, 96, 72, 76, 92, 8, 34, 3, 53, 31, 38, 5, 36, 91, 30, 97, 83, 84, 43, 99, 69, 46, 64, 21, 68, 62]

Time: 2024-02-28 03:58:00
Args: Namespace(device='cuda:2', pre_batch_size=2048, batch_size=128, pre_epochs=200, epochs=100, lr=0.001, lr_scale=1, decay=0, decay_dkl=0.0001, num_layer=5, emb_dim=300, proj_dim=300, dropout_ratio=0, JK='last', graph_pooling='mean', pre_dataset='zinc_standard_agent', dataset='qm7', output_model_file='', gnn_type='gin', seed=0, num_workers=8, aug1='random', aug_ratio1=0.2, aug2='random', aug_ratio2=0.2, sub_ratio=1, split='scaffold', eval_train=0, dis_type='kernel', ue_method='embsvdkl', n_ensemble=10, dkl_epochs=100, dkl_s='s2', n_inducing_points=1024, ind_type='random', dkl_scale=10, grid_bounds=10, grid_size=32, ll='elbo', extra_pll=True, csv=False, use_cfg=True, use_exp=False, tsb=False, order='random', save=False, load=False, save_kernel=False, tag='none', input_model_file='models_graphcl/graphcl_select.pth', task_type='reg', num_tasks=1)
dataset: qm7
 distance type: kernel order: random
 iter: 1
  finetune result: dkl result: 153.95409274673332, nn result: 138.18755066624533
  subset order: dkl result: [76, 98, 96, 83, 29, 89, 75, 37, 82, 85, 21, 8, 86, 27, 17, 91, 81, 73, 79, 31, 20, 65, 58, 57, 23, 77, 53, 63, 6, 19, 32, 1, 13, 38, 36, 71, 39, 0, 87, 67, 9, 33, 44, 24, 11, 60, 72, 3, 70, 25, 2, 78, 90, 93, 55, 69, 54, 88, 56, 12, 15, 95, 14, 4, 48, 64, 16, 35, 94, 26, 52, 30, 68, 66, 7, 92, 34, 84, 49, 42, 28, 45, 47, 22, 43, 18, 50, 51, 40, 41, 61, 46, 59, 80, 62, 5, 99, 74, 10, 97]

Time: 2024-02-28 04:19:29
Args: Namespace(device='cuda:2', pre_batch_size=2048, batch_size=128, pre_epochs=200, epochs=100, lr=0.001, lr_scale=1, decay=0, decay_dkl=0.0001, num_layer=5, emb_dim=300, proj_dim=300, dropout_ratio=0, JK='last', graph_pooling='mean', pre_dataset='zinc_standard_agent', dataset='qm7', output_model_file='', gnn_type='gin', seed=0, num_workers=8, aug1='random', aug_ratio1=0.2, aug2='random', aug_ratio2=0.2, sub_ratio=1, split='scaffold', eval_train=0, dis_type='kernel', ue_method='embsvdkl', n_ensemble=10, dkl_epochs=100, dkl_s='s2', n_inducing_points=1024, ind_type='random', dkl_scale=10, grid_bounds=10, grid_size=32, ll='elbo', extra_pll=True, csv=False, use_cfg=True, use_exp=False, tsb=False, order='random', save=False, load=False, save_kernel=False, tag='none', input_model_file='models_graphcl/graphcl_select.pth', task_type='reg', num_tasks=1)
dataset: qm7
 distance type: kernel order: random
 iter: 2
  finetune result: dkl result: 127.08229016872369, nn result: 126.05997180588331
  subset order: dkl result: [54, 85, 58, 69, 29, 65, 71, 38, 74, 0, 76, 9, 84, 72, 66, 59, 96, 47, 18, 56, 13, 95, 44, 92, 45, 24, 4, 70, 98, 3, 7, 12, 63, 64, 39, 94, 82, 11, 53, 1, 97, 23, 33, 25, 28, 89, 30, 51, 26, 62, 61, 67, 43, 15, 19, 73, 10, 46, 77, 27, 42, 20, 14, 41, 91, 81, 37, 5, 93, 40, 60, 16, 48, 80, 90, 21, 32, 8, 55, 6, 83, 22, 17, 88, 87, 79, 31, 50, 86, 36, 99, 78, 35, 34, 68, 57, 2, 49, 52, 75]

Time: 2024-02-28 04:40:55
Args: Namespace(device='cuda:2', pre_batch_size=2048, batch_size=128, pre_epochs=200, epochs=100, lr=0.001, lr_scale=1, decay=0, decay_dkl=0.0001, num_layer=5, emb_dim=300, proj_dim=300, dropout_ratio=0, JK='last', graph_pooling='mean', pre_dataset='zinc_standard_agent', dataset='qm7', output_model_file='', gnn_type='gin', seed=0, num_workers=8, aug1='random', aug_ratio1=0.2, aug2='random', aug_ratio2=0.2, sub_ratio=1, split='scaffold', eval_train=0, dis_type='kernel', ue_method='embsvdkl', n_ensemble=10, dkl_epochs=100, dkl_s='s2', n_inducing_points=1024, ind_type='random', dkl_scale=10, grid_bounds=10, grid_size=32, ll='elbo', extra_pll=True, csv=False, use_cfg=True, use_exp=False, tsb=False, order='random', save=False, load=False, save_kernel=False, tag='none', input_model_file='models_graphcl/graphcl_select.pth', task_type='reg', num_tasks=1)
dataset: qm7
 distance type: kernel order: random
 iter: 3
  finetune result: dkl result: 130.12929329129042, nn result: 134.7192901666409
  subset order: dkl result: [98, 72, 75, 12, 9, 45, 56, 1, 78, 2, 16, 86, 34, 36, 66, 67, 0, 32, 19, 10, 89, 52, 37, 8, 11, 99, 59, 23, 93, 29, 17, 74, 3, 54, 38, 79, 83, 50, 65, 63, 15, 55, 25, 40, 42, 85, 6, 53, 33, 92, 51, 62, 90, 35, 60, 61, 27, 13, 4, 48, 20, 69, 30, 70, 18, 21, 97, 87, 22, 77, 88, 95, 14, 94, 5, 91, 76, 31, 96, 44, 84, 28, 49, 24, 43, 73, 41, 68, 82, 81, 47, 58, 64, 46, 80, 26, 7, 71, 57, 39]

Time: 2024-02-28 05:02:28
Args: Namespace(device='cuda:2', pre_batch_size=2048, batch_size=128, pre_epochs=200, epochs=100, lr=0.001, lr_scale=1, decay=0, decay_dkl=0.0001, num_layer=5, emb_dim=300, proj_dim=300, dropout_ratio=0, JK='last', graph_pooling='mean', pre_dataset='zinc_standard_agent', dataset='qm7', output_model_file='', gnn_type='gin', seed=0, num_workers=8, aug1='random', aug_ratio1=0.2, aug2='random', aug_ratio2=0.2, sub_ratio=1, split='scaffold', eval_train=0, dis_type='kernel', ue_method='embsvdkl', n_ensemble=10, dkl_epochs=100, dkl_s='s2', n_inducing_points=1024, ind_type='random', dkl_scale=10, grid_bounds=10, grid_size=32, ll='elbo', extra_pll=True, csv=False, use_cfg=True, use_exp=False, tsb=False, order='random', save=False, load=False, save_kernel=False, tag='none', input_model_file='models_graphcl/graphcl_select.pth', task_type='reg', num_tasks=1)
dataset: qm7
 distance type: kernel order: random
 iter: 4
  finetune result: dkl result: 222.46713623046045, nn result: 206.47731734393727
  subset order: dkl result: [75, 47, 92, 93, 37, 21, 42, 29, 89, 39, 46, 11, 64, 63, 54, 88, 14, 70, 80, 69, 91, 19, 95, 33, 16, 67, 36, 44, 51, 25, 12, 13, 78, 53, 24, 3, 66, 0, 34, 59, 94, 38, 23, 4, 22, 62, 10, 35, 87, 6, 55, 30, 73, 96, 98, 7, 32, 86, 27, 99, 2, 48, 50, 58, 81, 76, 49, 1, 85, 20, 15, 28, 60, 83, 26, 90, 68, 52, 56, 77, 74, 31, 61, 8, 18, 65, 57, 43, 79, 40, 82, 41, 97, 72, 9, 71, 5, 17, 45, 84]

Time: 2024-02-28 05:24:04
Args: Namespace(device='cuda:2', pre_batch_size=2048, batch_size=128, pre_epochs=200, epochs=100, lr=0.001, lr_scale=1, decay=0, decay_dkl=0.0001, num_layer=5, emb_dim=300, proj_dim=300, dropout_ratio=0, JK='last', graph_pooling='mean', pre_dataset='zinc_standard_agent', dataset='qm7', output_model_file='', gnn_type='gin', seed=0, num_workers=8, aug1='random', aug_ratio1=0.2, aug2='random', aug_ratio2=0.2, sub_ratio=1, split='scaffold', eval_train=0, dis_type='kernel', ue_method='embsvdkl', n_ensemble=10, dkl_epochs=100, dkl_s='s2', n_inducing_points=1024, ind_type='random', dkl_scale=10, grid_bounds=10, grid_size=32, ll='elbo', extra_pll=True, csv=False, use_cfg=True, use_exp=False, tsb=False, order='random', save=False, load=False, save_kernel=False, tag='none', input_model_file='models_graphcl/graphcl_select.pth', task_type='reg', num_tasks=1)
dataset: qm7
 distance type: kernel order: random
 iter: 5
  finetune result: dkl result: 368.0928370211957, nn result: 325.3287013831177
  subset order: dkl result: [60, 44, 50, 47, 10, 72, 19, 83, 88, 58, 66, 78, 28, 52, 75, 45, 70, 96, 17, 46, 57, 14, 99, 7, 39, 59, 93, 38, 71, 33, 80, 20, 26, 27, 62, 3, 34, 81, 32, 97, 51, 85, 42, 73, 94, 77, 74, 98, 49, 18, 56, 61, 30, 65, 37, 23, 8, 41, 13, 87, 53, 16, 55, 31, 40, 69, 25, 24, 79, 5, 22, 11, 35, 4, 12, 48, 76, 63, 90, 1, 67, 68, 0, 9, 86, 21, 6, 91, 89, 29, 64, 2, 15, 43, 82, 36, 95, 92, 84, 54]

Time: 2024-02-28 05:45:32
Args: Namespace(device='cuda:2', pre_batch_size=2048, batch_size=128, pre_epochs=200, epochs=100, lr=0.001, lr_scale=1, decay=0, decay_dkl=0.0001, num_layer=5, emb_dim=300, proj_dim=300, dropout_ratio=0, JK='last', graph_pooling='mean', pre_dataset='zinc_standard_agent', dataset='qm7', output_model_file='', gnn_type='gin', seed=0, num_workers=8, aug1='random', aug_ratio1=0.2, aug2='random', aug_ratio2=0.2, sub_ratio=1, split='scaffold', eval_train=0, dis_type='kernel', ue_method='embsvdkl', n_ensemble=10, dkl_epochs=100, dkl_s='s2', n_inducing_points=1024, ind_type='random', dkl_scale=10, grid_bounds=10, grid_size=32, ll='elbo', extra_pll=True, csv=False, use_cfg=True, use_exp=False, tsb=False, order='random', save=False, load=False, save_kernel=False, tag='none', input_model_file='models_graphcl/graphcl_select.pth', task_type='reg', num_tasks=1)
dataset: qm7
 distance type: kernel order: random
 iter: 6
  finetune result: dkl result: 147.31187392025382, nn result: 168.27438620208008
  subset order: dkl result: [63, 21, 30, 0, 41, 10, 46, 89, 8, 15, 14, 19, 92, 96, 81, 97, 72, 83, 13, 20, 26, 11, 31, 24, 84, 87, 2, 74, 23, 28, 56, 29, 73, 99, 7, 98, 43, 59, 76, 12, 95, 66, 45, 85, 40, 3, 77, 70, 52, 18, 71, 17, 88, 55, 54, 69, 65, 39, 42, 36, 1, 64, 86, 75, 9, 44, 47, 94, 93, 6, 82, 80, 34, 38, 90, 67, 35, 53, 48, 91, 37, 4, 33, 68, 32, 79, 60, 16, 5, 62, 58, 61, 51, 78, 49, 57, 27, 22, 25, 50]

Time: 2024-02-28 06:07:16
Args: Namespace(device='cuda:2', pre_batch_size=2048, batch_size=128, pre_epochs=200, epochs=100, lr=0.001, lr_scale=1, decay=0, decay_dkl=0.0001, num_layer=5, emb_dim=300, proj_dim=300, dropout_ratio=0, JK='last', graph_pooling='mean', pre_dataset='zinc_standard_agent', dataset='qm7', output_model_file='', gnn_type='gin', seed=0, num_workers=8, aug1='random', aug_ratio1=0.2, aug2='random', aug_ratio2=0.2, sub_ratio=1, split='scaffold', eval_train=0, dis_type='kernel', ue_method='embsvdkl', n_ensemble=10, dkl_epochs=100, dkl_s='s2', n_inducing_points=1024, ind_type='random', dkl_scale=10, grid_bounds=10, grid_size=32, ll='elbo', extra_pll=True, csv=False, use_cfg=True, use_exp=False, tsb=False, order='random', save=False, load=False, save_kernel=False, tag='none', input_model_file='models_graphcl/graphcl_select.pth', task_type='reg', num_tasks=1)
dataset: qm7
 distance type: kernel order: random
 iter: 7
  finetune result: dkl result: 179.91288057116475, nn result: 162.3308455537118
  subset order: dkl result: [62, 69, 98, 29, 30, 52, 79, 64, 84, 43, 90, 73, 22, 32, 63, 35, 51, 10, 48, 83, 26, 47, 34, 37, 65, 3, 70, 27, 17, 12, 16, 68, 11, 60, 33, 57, 19, 6, 7, 58, 5, 14, 23, 87, 44, 40, 76, 89, 8, 74, 2, 50, 45, 36, 75, 97, 94, 80, 4, 38, 25, 39, 0, 9, 31, 81, 56, 96, 72, 82, 93, 92, 24, 88, 85, 28, 53, 20, 86, 99, 91, 49, 21, 1, 66, 15, 78, 54, 77, 71, 61, 41, 18, 55, 67, 59, 46, 42, 95, 13]

Time: 2024-02-28 06:29:21
Args: Namespace(device='cuda:2', pre_batch_size=2048, batch_size=128, pre_epochs=200, epochs=100, lr=0.001, lr_scale=1, decay=0, decay_dkl=0.0001, num_layer=5, emb_dim=300, proj_dim=300, dropout_ratio=0, JK='last', graph_pooling='mean', pre_dataset='zinc_standard_agent', dataset='qm7', output_model_file='', gnn_type='gin', seed=0, num_workers=8, aug1='random', aug_ratio1=0.2, aug2='random', aug_ratio2=0.2, sub_ratio=1, split='scaffold', eval_train=0, dis_type='kernel', ue_method='embsvdkl', n_ensemble=10, dkl_epochs=100, dkl_s='s2', n_inducing_points=1024, ind_type='random', dkl_scale=10, grid_bounds=10, grid_size=32, ll='elbo', extra_pll=True, csv=False, use_cfg=True, use_exp=False, tsb=False, order='random', save=False, load=False, save_kernel=False, tag='none', input_model_file='models_graphcl/graphcl_select.pth', task_type='reg', num_tasks=1)
dataset: qm7
 distance type: kernel order: random
 iter: 8
  finetune result: dkl result: 144.84347323085333, nn result: 134.9504038029838
  subset order: dkl result: [54, 75, 86, 45, 4, 16, 29, 92, 6, 76, 93, 23, 46, 72, 95, 65, 97, 17, 27, 66, 96, 88, 7, 42, 30, 82, 21, 11, 74, 3, 5, 73, 41, 43, 2, 38, 14, 55, 12, 58, 50, 78, 83, 40, 77, 10, 48, 59, 62, 26, 98, 44, 31, 89, 84, 51, 39, 49, 8, 81, 69, 70, 64, 47, 33, 87, 32, 63, 99, 53, 67, 13, 28, 68, 79, 19, 15, 24, 94, 61, 91, 80, 9, 22, 1, 37, 60, 20, 0, 71, 18, 25, 90, 35, 85, 57, 52, 36, 34, 56]

Time: 2024-02-28 06:51:25
Args: Namespace(device='cuda:2', pre_batch_size=2048, batch_size=128, pre_epochs=200, epochs=100, lr=0.001, lr_scale=1, decay=0, decay_dkl=0.0001, num_layer=5, emb_dim=300, proj_dim=300, dropout_ratio=0, JK='last', graph_pooling='mean', pre_dataset='zinc_standard_agent', dataset='qm7', output_model_file='', gnn_type='gin', seed=0, num_workers=8, aug1='random', aug_ratio1=0.2, aug2='random', aug_ratio2=0.2, sub_ratio=1, split='scaffold', eval_train=0, dis_type='kernel', ue_method='embsvdkl', n_ensemble=10, dkl_epochs=100, dkl_s='s2', n_inducing_points=1024, ind_type='random', dkl_scale=10, grid_bounds=10, grid_size=32, ll='elbo', extra_pll=True, csv=False, use_cfg=True, use_exp=False, tsb=False, order='random', save=False, load=False, save_kernel=False, tag='none', input_model_file='models_graphcl/graphcl_select.pth', task_type='reg', num_tasks=1)
dataset: qm7
 distance type: kernel order: random
 iter: 9
  finetune result: dkl result: 182.01293792164319, nn result: 169.34791062519278
  subset order: dkl result: [47, 42, 84, 92, 44, 69, 60, 30, 68, 23, 48, 37, 52, 19, 10, 82, 29, 51, 20, 32, 95, 71, 12, 40, 96, 31, 85, 63, 77, 58, 73, 39, 55, 27, 38, 81, 25, 86, 98, 76, 99, 59, 66, 26, 94, 1, 35, 54, 24, 4, 49, 46, 67, 50, 91, 22, 87, 7, 70, 80, 88, 61, 64, 45, 11, 16, 21, 8, 97, 9, 90, 6, 93, 18, 79, 78, 74, 57, 5, 17, 56, 2, 3, 36, 75, 65, 0, 15, 13, 53, 83, 43, 14, 89, 72, 41, 34, 28, 33, 62]

Time: 2024-02-28 19:12:25
Args: Namespace(device='cuda:2', pre_batch_size=2048, batch_size=128, pre_epochs=200, epochs=100, lr=0.001, lr_scale=1, decay=0, decay_dkl=0.0001, num_layer=5, emb_dim=300, proj_dim=300, dropout_ratio=0, JK='last', graph_pooling='mean', pre_dataset='zinc_standard_agent', dataset='qm7', output_model_file='', gnn_type='gin', seed=0, num_workers=8, aug1='random', aug_ratio1=0.2, aug2='random', aug_ratio2=0.2, sub_ratio=1, split='scaffold', eval_train=0, dis_type='kernel', ue_method='embsvdkl', n_ensemble=10, dkl_epochs=100, dkl_s='s2', n_inducing_points=1024, ind_type='random', dkl_scale=10, grid_bounds=10, grid_size=32, ll='elbo', extra_pll=True, csv=False, use_cfg=True, use_exp=False, tsb=False, order='order', save=False, load=False, save_kernel=False, tag='none', input_model_file='models_graphcl/graphcl_select.pth', task_type='reg', num_tasks=1)
dataset: qm7
 distance type: kernel order: order
 iter: 0
  finetune result: dkl result: 130.87051839678878, nn result: 134.32737182801486
  subset batch index: dkl result: [466 885 509 776 329 523 225 115 515 804]

