Time: 2024-02-28 21:19:40
Args: Namespace(device='cuda:2', pre_batch_size=2048, batch_size=128, pre_epochs=200, epochs=100, lr=0.001, lr_scale=1, decay=0, decay_dkl=0.0001, num_layer=5, emb_dim=300, proj_dim=300, dropout_ratio=0, JK='last', graph_pooling='mean', pre_dataset='zinc_standard_agent', dataset='qm7', output_model_file='', gnn_type='gin', seed=0, num_workers=8, aug1='random', aug_ratio1=0.2, aug2='random', aug_ratio2=0.2, sub_ratio=1, split='scaffold', eval_train=0, dis_type='kernel', ue_method='embsvdkl', n_ensemble=10, dkl_epochs=100, dkl_s='s2', n_inducing_points=1024, ind_type='random', dkl_scale=10, grid_bounds=10, grid_size=32, ll='elbo', extra_pll=True, csv=False, use_cfg=True, use_exp=False, tsb=False, order='order', save=False, load=False, save_kernel=False, tag='none', input_model_file='models_graphcl/graphcl_select.pth', task_type='reg', num_tasks=1)
dataset: qm7
 distance type: kernel order: order
 iter: 0
  finetune result: dkl result: 129.91125568353593, nn result: 131.1870030348902
  subset order: dkl result: [243 362 310  70 681 374 116 878 661 970 986 717 306 273 726 102 894 964
  48 402 398 392 747 831  26 108 818 887 397 852 479 104 132 520 568 743
 603 573 213 437 822 954 600 920 549 431 876 328  11 384 151 718 678 481
 468 286 161 197 773  51 672 259 960 423 969 130 204 470 925 892 598 820
 560 165 732 967 490 100  99 441 250 233 602 525 277 327 685 502 518 637
 350 640 367 111 995 665  81 425 247 749 344 443 459 418 938 185 434 311
 369 177 473 251 651 160 112 409 874 930 689 788 893 334 287 448 983 249
 283 309 149 162 708 780 321 363 770 354 856 729 105 308 691 897 206  72
 772 675 183 955 265 904  37 168 676 896 352 268 285 252 829 900 973 989
  32  18 617 523 413 439 957 430 624 723 174 338 217 198 618 671   3 194
 629 373 666 138  86 784  63  68 557 303   9 643 163 597 791 142 296 155
 316 709 712  44 621  56   5 153 653 641 612 623 792 821  47 469  60 264
  73 379 865 121 971 940 343 460 927 189 465 475 869  19 254  77 769 173
 926 906 115 777 143 403 797 935 261 262 695 274 170 235 458  41 186 339
 658 846 342 542 532 774 898 702 337 719 924 632  25 559 477 461 196 570
 315 994 781  21 593 406  89 326 833 499 179 625 872 187 182 501 798 395
 648 706 899 601 699 922 616 639 851 649 746 113 582 620 890 524  87 949
 332 244 191  61 626 611 628 201 543 464  40 908 588 313 361 267 550 292
  79 622 497 462 237 171 564 236 572 440 724  12 857 317  29 963 571 859
 673 404 227 345 910 463   7 390 985 192 508 229 500 530 835 947 489 645
 554 510  52 988 722 356 814 139 372 870 432 875 184 241 124 674  50 280
 799 279 228 396 934 129 422 779 735 721 682 449 266 305 886 255 968 911
  82 948  28 987 485 692 419 996 133 997 585 519 257   4 522  46 385 366
 492 382 701 796 917 284 411 990 400 787 958 578 590 370 587 901 239 885
 537 804 393 126 260 688 486 295 754 324  62 755 545 383 553 199  16  17
 977 511 565  74 230 605 118 445 211 839 353 741 203 817 218 226 868 921
 290 847 614 923 594 965 107 982 953 389 234 748 951 613 348 300 696 644
 928 471 209 377 548 657 881 668 737 349 330 200 535 536  91  15 278 291
 141 936 679 164 950 128 207 169 931 426  96 918  58 322 493 154 607 850
 494 806 157 514 289 175 690 114 757 360 299  24 447 956 660 610 388 140
   8   2 873 150 659 134 282 146 405 812 633 966 246 427 782 790 608 762
 205 152 298 720 245  92 976 807 357 407 959 123 636 809 615 258 561 825
 483 444 509 828  22 225 752 340 331 576 521 456 992 320 408 759  76 604
 581 480 375 293  27   1 399 319 884 156 325 442 135 365 335 711 127 166
 371 864 785 180 381  36 858 551  69 526 932 704 376 158 556 879 736 840
 215 824 909 889 558 420 318 680 386 801 733 715 937 583 147 347 913 505
 148 351 646 214 575 866 916 364 450 488  13 808 714 224 329 919 742 457
 144 771 802 452 436 195 961 826 592 504 609 765  94 758 482 333 867 577
 516 454 584 841 952 760 401 862 941 843 297 424 276 579 993 634 221 756
  78 484 902 491 547 242 860 905  42 552 346 378 248 531 638 281 387 942
 734 705 131 529   0 975 980 272 854 834 435 667 815 528 795 978 686 895
 394 562 410 783  98 109 670 119 359 631 713 232 336  83  55  95 453 496
 830 534 270 294 880 778  10 677 145 823 546 188  64 271  59 125 240 438
 888 761  85 939 793 915 487 863 304 914  23 446 745 513 943 275 178 907
  20 764 555 527 231 962 656 103 786 739 853 929 216 512 811 991 753 566
 193 212 877 238 998 813 368 945 650 358 698 341 776 307 606 730 999 455
 775 599 635 767 654 263 574 642 220  34 137 172 974 662 567 716 794 984
 981 725  39 933 433 159 768 380 269 586 595 819 219  35  90 738 687 805
 627 122 652 472  93 683 871 972  88 703 827 506 515 210 323 414 136 181
 816 845 355 167 429  67 498 256 540 110 763 903 728 750 789  43 428 416
 580 391 944 417 946 800  57 844 700  80 861 842 190 979 751 855 596 101
 208 314 476 120 503 302 838 533 474 766 421 569 507 202 744  97 810 647
  33 589 619 832 253 883 538 837 836 803   6 727 740 848  49  75 495 882
 301  66 539 630 451 591 223 288 312  65 693 731  31 694 117 697 669 541
 106  38  71 544  53 478 466 467 655 176  54 563  84 849  14  45 912  30
 517 707 684 222 663 664 891 412 415 710]

Time: 2024-02-28 23:04:44
Args: Namespace(device='cuda:2', pre_batch_size=2048, batch_size=128, pre_epochs=200, epochs=100, lr=0.001, lr_scale=1, decay=0, decay_dkl=0.0001, num_layer=5, emb_dim=300, proj_dim=300, dropout_ratio=0, JK='last', graph_pooling='mean', pre_dataset='zinc_standard_agent', dataset='qm7', output_model_file='', gnn_type='gin', seed=0, num_workers=8, aug1='random', aug_ratio1=0.2, aug2='random', aug_ratio2=0.2, sub_ratio=1, split='scaffold', eval_train=0, dis_type='kernel', ue_method='embsvdkl', n_ensemble=10, dkl_epochs=100, dkl_s='s2', n_inducing_points=1024, ind_type='random', dkl_scale=10, grid_bounds=10, grid_size=32, ll='elbo', extra_pll=True, csv=False, use_cfg=True, use_exp=False, tsb=False, order='order', save=False, load=False, save_kernel=False, tag='none', input_model_file='models_graphcl/graphcl_select.pth', task_type='reg', num_tasks=1)
dataset: qm7
 distance type: kernel order: order
 iter: 1
  finetune result: dkl result: 140.54448876325645, nn result: 143.74033454302477
  subset order: dkl result: [746 279 600 960 681 754 367 169 479 342 623  70 839 852 942 625 440 215
 194 701 168 592 280 968 812 973 846 488 865 531 886 671 769 228 150 573
 580 166 374 807 143 605 588 586  31 213 665  17 989  89 196 380 979 462
 397 781 413 869 248 901 437 179 688 241  35 601 818 499 108 788 969 599
 165 306 797  81  34 773 130 390 570 572 371   3 384 561 160 511 298  78
  73 581  83 643 262 264 950 615 695 284  86 870 401 829 432 102 537 126
 243 556 250 948 230 302 505 375 629 158 282 956 575 651 361 363  25 430
 709 858  11 385 100 244 726 460 174 357 970 559 914 772 383 372 844 470
 521 285 725 923 851 953 795   1 312 822  23 566 495 922 528 583 896 732
 278 975 908 675 708 532 145  99 949  96  63 152 639   7 337 515 259 112
  55 283 833 631  37 480 691 118 443 618  27 724 991 892 617  72 767 313
 252  91 685 585 177 154  32 855 376 354 792 136 187 653 386 587 310 176
 237 192 326 270 679 328 607 404 449 926 225 802 229 481 267 322 132 545
 850  48 917 990 427 722 981 784 469 761 730 188 910 478 996 624 543 735
 321 640 311 346 491 216 227 616   4 645 965 419 628 182 613 879 297  47
 582 133 453  79 603 682 964 749 997  12 873 350 678 167 184 712 295 902
 459 596 334 819 475 111 976 273 362 446 403 139 408 245 219 738 103 316
 690 522 980 347 320 420 954 327 830 743 875 702 717 249 900 464 897 652
 606 338 856 779 673 867 129 520  87 466 198 105 714 646 131 416 223 650
 456 398 578 966 178 436 637 932 395 860 636 834 594 193 356 959 212 211
 718 700 598 191 544 649 986 836 239  26 221 238 153 849 465 571 164 444
 938 274  77 890 484 940 906 224 895 684  10 414 275 847 762 705 774 987
 523 272 694 434 768 716 483 461 290 552 823 155 686 266 157  60 963 257
 569 789 608 634 431  56 696 141 579 463  15  28 715 994 689  84 759 898
 277 417 185 866 843 341  68 510 984 988 814 927 669 924 125 442 517 626
 864 339  46 783 199 641 804 260 220 209 441 590 549 516 564 423 778 364
 123 790 254 325 232 450  88 791 828 995 332 114 329 506 859 402 704 881
  74 542 706 648 937 501 589 497 919 137 448 780 389 189 710 411 835 300
 210  13 289 261 903 503 659 381  59  18 798 233 654 276 373  36 693 452
 757 352 614 747 848 109 370 533  61 343 535  53 918 473 632 863 170 330
  33 557 567 562  50  19 392 993  51 344 345   9 656 439 149 711 677 358
 236 467 905 175 885 117 680 161  92 454 753 204 831 268 353 611 482 180
 861 410  49  41 378 487 871 840 584 540 977 265  21 507  67 799 104 173
 876 770 841 455 146 813 687 930 811 574  85 944 116 407 619 553 904 982
 271 201 151 612 336 128 698 853 387 119 913 928 377 647 301 235 887 806
 983 786 433 947 138 719 348 288 550 674  42 296 741 554 733 974 883 884
 524 670  65 183 874 658 435 121 916 803 936 538 547 445 541 697 602 218
 269 992 214  98 251 234 340 998 451 486 349 477 489 315 609 793 657 502
 323 421 560 816 955 519 907 683 824 335 140 127 744 810 739  69 474  38
 205 604 360  20 821 766 409 894 162 796 207 365 206 458 514 314 424 627
 622 493 226 307 985  22 925 734 147 815 961 909 324 525  93 957 396 756
 142   0   5 801 110 400 309 291 548 731  29  39 820 120 568 303 764 425
 826 124 967 576 661 935  24 763 971 921 972 721  66 878 672 934 286 447
 171 317 666 737 929 379 255 529 359 727 551 776 777 186 208 388 217 633
 939 621 115  71 536 723 319 399 825 663 785 920 748 838  90 490 527 287
 668 163 595 530 915 941 620 471 750 888 101 331 406  44 597 692 457 931
 468 472  54 893 946 181 534 106 247 667 857 951 591 805 577 429 202 366
 713 281 113 500 197 308 240 742 720 393 222   6 872 760 509 159 122 512
 837 899 817 787 755 492 333 369 428 134 962 496 854 593 862  40 912 832
 422   2 304 498 508  76 765 758 676 107 294 494 662 504 563 745 707 952
 911 644 418 933  16 699  52 148  58 610  62   8 292 355 638 958 231 729
 246 546 305 660 782 293 518 195 391 485  80 630  45 256 263 426  30 845
 809 943  97  57 945  43 794 526 394 882 736 642 775  64 172  75 368 800
 203 200 999  82 740 242 808 558 842 880 664 868 827 752 539 877 351 190
 728 513  14 135 771 253 655 476 299 978 258 144 382 415 555 891 889 318
 156 405 438 703  94 412 565 635  95 751]

Time: 2024-02-29 00:43:40
Args: Namespace(device='cuda:2', pre_batch_size=2048, batch_size=128, pre_epochs=200, epochs=100, lr=0.001, lr_scale=1, decay=0, decay_dkl=0.0001, num_layer=5, emb_dim=300, proj_dim=300, dropout_ratio=0, JK='last', graph_pooling='mean', pre_dataset='zinc_standard_agent', dataset='qm7', output_model_file='', gnn_type='gin', seed=0, num_workers=8, aug1='random', aug_ratio1=0.2, aug2='random', aug_ratio2=0.2, sub_ratio=1, split='scaffold', eval_train=0, dis_type='kernel', ue_method='embsvdkl', n_ensemble=10, dkl_epochs=100, dkl_s='s2', n_inducing_points=1024, ind_type='random', dkl_scale=10, grid_bounds=10, grid_size=32, ll='elbo', extra_pll=True, csv=False, use_cfg=True, use_exp=False, tsb=False, order='order', save=False, load=False, save_kernel=False, tag='none', input_model_file='models_graphcl/graphcl_select.pth', task_type='reg', num_tasks=1)
dataset: qm7
 distance type: kernel order: order
 iter: 2
  finetune result: dkl result: 135.5477242141476, nn result: 144.7191589123544
  subset order: dkl result: [ 70 843 659 282 250 661 712 108 997 600 464 537 342 458 374 192 928 249
 364 623 846 969 215 950 560 174 397 196  21 354 691   7   3 605 170 746
 559 821 161 959 283 620 182 995 818 328 111 321 735 511 102 213 470 381
 166 820 572 187 431 629 262 310 278 618 963  74 588 126 279 286 573 634
 298 726 899 831 773 781 592 545 701 437 352  28 419 418 812 571 770 625
  56 480 150 499 362 115 797 934 724 501 685 361 792  69 825 145 875 139
 865 104 302 935 335 898 515 456 917  91 226 687 665 459 300 530 423 769
 646 506 553 807  17 185 248 360 157 112  61 976 890 933 169 603 814 937
 492 695 505 652 582  96 532 440 920 481 151 528 940 523 122 243 690 755
 158 522  72 855 681 305 822 653  63 774 641  32 245 847 960 285 308 303
 815  83 667 295 926 968 265 393 839 824 259 936 356 780 983 754 224 870
 133 675 911 874 986 607 132 989 105  27 252 350 879 795 113 852 228 198
  60  48  81 951 841 561 897 493 183 547 916 556 919 377 212 671 977 856
 639 975 462 768 508 548 669 311 608 140 720  99 402 520 696 344 287  51
 332 446 708 884  37 413 946 923 702 615 160 590 748 233  44 601 217 334
 194 143  34 585 810 280 204 835 699 682 363 509 804 201 398  89 981 716
 767 254 216 420 465 503 784 383 309 756 894 749 272 717 805 715 714 453
 788 872 366 888 247 531 743 154 297 637 657 955 965 441 186 263 677 448
 177 924 640 404 626 851 384  76  73  62 617 378 168 347 434 236 764 277
 624 887 118 613 514 322 998 790 791 386 896 925 632 942 964 338 673 211
 475 574 857 411  26 903 444 474 327 645 734 152 586 758 373 648 604 148
 602 315 611  78 990  49 191 336 598 643 866 961 337 910 678  46  10 130
 370 973 445 189 521 439 367 268 938 348 914 460 594 578 745 414 316 853
 747 239 994 379 619  35 833 761 943 524 153 610 391   8 164 863 762  18
 927 417 399 713 760 722  29 276 662 881 705   9 540 165 850 380 461 385
 597 468 549 289 988 479 709  84  50 376 147 173 828 932 829 811 119 433
 428 472 621 676 454 267 569 313  86 904 473  77 552 633 109 970 864 388
 869 429 766 491 862 469 264 838 719 775 134   1  55 913 180 985 230 954
 408 557 606 837 129 993 299 403 765 787 490 488 312 817 485 612 798 906
 660 358 138 496 587 616 892 873 199 589 175 443 567  33 121  65 895 392
 395 836 136 421 495 167 952 674 193 290 372  41 149  39 683  87 739 733
 273 467 535 581 123 579 281 793 830 644 901  40 246 900 782 197 902 144
  20 251  68 339 996 772 723 349 953 371 452 753 291  16  98 684 155 304
 819  19 802  85 231  54 341 471 406 759 284 909 518 219 867 854 974 779
 426 679 483 848 947 500 744 979 957 244 668 658 425 427 317  25 241 948
   4 409 992 777 389 116 778  58 257 907 801 510 543 498 114 225 918 137
 229 922 700 320 307 306 558  23 566 293 202 783  11 432 497 971 513 340
 583 721 551 296 319 666 449 235 949 314 849 741  88 706 729  75 908 455
 878 980 799 410  57 542 698 929 987 636   2 962 266 227 127  36 117 686
 871  12 649 725 401  92 689 494 809 757 326 275 730 232 655 517 692 827
 346 803  67 670 329 159 101 711 345 593 390   5 966 941 694 622 707 210
 274 324 800 405 438 786 486 325 240 256 301 533 544 693 237 525 430 882
 184 195 575  13 967 915 162 731 214 209 396 732 672 512 635 450 234   0
 519 860 357 288 718 203 365 704 176 172 738 595 570 258 999 359 826 205
 407 886 442 806 270 568 333 876 816 742 502 457  47 930 447 188 141 253
 400 577 120 238 736 861 562 609 484 844 893 387  82 840 369 526  24 223
 627 858 555 991 436 181  64 504  15 100  52  45 580 206 728 200 596 972
 179 554  14 110  22 207 260 489 663 789 477 737  66 891 785 651 591 880
 220 710  79 507 832 516 794 550 905 416 463 208 466 565 482 343 599 222
 939 218 823 128 353 842 146 294 697 331 984 330 476 654 956 834 412 576
 394 813  42  31 796 478 982 539 750 931 656 859  90 584 944 650 125 131
 178 628 776 631 538 255  93 323  43 142 156 845 163  38 877 727 534 382
 487 271  80  94 107  53 740 536 171 106 261 221 269 688 242 978 529 292
 135 424 868  59 642 647 422 921 103 435 318 190 541   6 958 808 912  97
 368 563  71 638  95 680 527 451 752 375 614 124 564 355 630 703 751 885
 771 883 763 351 889 945 546  30 415 664]

Time: 2024-02-29 02:31:42
Args: Namespace(device='cuda:2', pre_batch_size=2048, batch_size=128, pre_epochs=200, epochs=100, lr=0.001, lr_scale=1, decay=0, decay_dkl=0.0001, num_layer=5, emb_dim=300, proj_dim=300, dropout_ratio=0, JK='last', graph_pooling='mean', pre_dataset='zinc_standard_agent', dataset='qm7', output_model_file='', gnn_type='gin', seed=0, num_workers=8, aug1='random', aug_ratio1=0.2, aug2='random', aug_ratio2=0.2, sub_ratio=1, split='scaffold', eval_train=0, dis_type='kernel', ue_method='embsvdkl', n_ensemble=10, dkl_epochs=100, dkl_s='s2', n_inducing_points=1024, ind_type='random', dkl_scale=10, grid_bounds=10, grid_size=32, ll='elbo', extra_pll=True, csv=False, use_cfg=True, use_exp=False, tsb=False, order='order', save=False, load=False, save_kernel=False, tag='none', input_model_file='models_graphcl/graphcl_select.pth', task_type='reg', num_tasks=1)
dataset: qm7
 distance type: kernel order: order
 iter: 3
  finetune result: dkl result: 134.4476465839832, nn result: 127.46402131436125
  subset order: dkl result: [878 374 362 243 603 116 328 887 310 160 161 681 573 818 111 894 398 155
 520 892 204 600 900 986 402 869 162 874 273 661 397 970 829 920 308 462
 481 459  61 431 235 969 286 165 797   3 954 957  99 852 268  56 706  48
 384 373 625 973 146 311 285 437 182 218 379 769 185 847 213 967 441 717
  26 332 217 250 186 675 686 168 237 171 960  47 608 206 559 639 884  25
 701 122 549 151 734 105 637 746 188 337  11 572 277 550 479 434 339 287
 898 104 542 547 100 353 896 197 464   5 577 926 821 108  70 306 749 624
 254 463 174 465 997 678 164 344 170 264 626 189 418 102 820 618 712 948
 143 132 347 200 623 367  96 617 915 629 305 611 784 196 477 292 366 925
 396 524 278 724 149 865 718 876 508  91  51 689 780 530 846 525 963 801
 315 691 578 121 233 560 130 732 504 924 772 938 666 370 158 690  98  44
 468 708 590 303 283  19 726 910 443 422 601 807 267 628 399 201 548 831
  86 265 576 177 774 342 252 244 923  63 282 535 927 334 743 940  27 673
 439 950 249 141 804 676 156 403 395 762 930  32 641 502 872 386 932 709
 604 568 436 966 791 825 537 173 653 290 722 500 885 657 964 764  89 859
 473 893 259 612 153  58 729 522 519 470 456 850 381 480 897  68 682 702
 183 413  62  81 565 377 931 346 575 977  36 956 203 316 989 782 781 976
 802 795 843 796 766  21 913  40 486 917 723 748 906 597 226 905 659 392
  24 416 497 651 490 383 648 985  94 685 129 423 812  23 279 475 770 665
 650 598 773 101  78 942  52 868 469 324 205 511 460 127 343 918 670 621
 916 826  18 951 521 313 262 293 616 348 632 258 833 644 668 890 382 430
 304 738 532 857 499 949  29 570 620 330 523 785 814  37 198 409 585 610
 393 400 518 881 699 779 309 113 112 798 822 509 450 150 636 594 360 851
 961  73 364 787 350 614 980 695 220   7 955 138 613  41 510 296 432 152
 230 405   8 545  46 387 352 907 747 945 870 241 828 192  88 788 561 412
 448 567 809 643 819 239 741 516 326 754 991 390 406 107 999 401 845 234
 385 995 704  34 349 674 783 928 580 656 227 777 327 485 140 345 280 634
 321 419 935  69 808 526  79 698 953 840 144 380 274 679  50 658 505 163
 142 357 446 251 619 975 260  20 759 806 501 638 735  12 862 335 543 551
 361  28 363 247 148   1 919 761 394 839 126 176 145 719 879 338 715 427
  92 994 372 958 937 587 229 753 496 971 257 425 115 830 103 261  66 472
 579 631 228 354 965  76 711 680 593 238 622 858 300 231 483 169 424 302
 554 356 207 607 824 605 216 911 471  87 696 606 978 645 232  74 908 886
 359  43 355 194 856 331 864 959 187 683  22 792 854 134 365 119 904 649
 351 461 652 811 736   4 556 553 488 236 133  16 588 215 996 211 494 266
 369 982 411 841  35 536 793 284 688 721 214 921 195 139 760 934 255 692
 555  33 299 458 445  72 297 974 329 909   9 867 531 184 457 414  60 992
 990 672 246 979 157 947 952  85 375 210 944 191 322 733  13 983 512 128
 426 388 546 745  82 118  57 875 630 368 596 752 714  17 888  80 728 484
 987 376   2 687 609 720 834 903 871 646 180 270 212 758 125 763 810 595
 700 713 199 863 166 737 135 154 899 408 291 253 564 790 799 178 943 482
 933 455 602  83  67 242 558 289 866 442 671   0 889 371  15 901 440 513
 640 209 968 853 298 835 263 993 514 447 317  54 615 219 179 557 731 341
 221 972  95 275 936 110 860 581 295 627 914 703 832 742 844 389 941  77
 429 895 451 114  59  64 571 574 123 420 716 757 167 410 454 208 730 786
 109 552 880 404 159 269 767 873 705 538 333 323 172 815 358 775 444 751
 817 529 755 336 294 340 694 988 449 582 493 902 583 794 248 635 566  55
 131 503  53 998 452 882 312  90 929 272 225 739 435 506 633 877 660  10
 740 693 677 276 744  84 827 476 301 124 528 725  49 136 378 776 224 592
 320 492 789 487 489 778 498 642 147 428 765 491 962 805 117 175 647  42
 245 539 922 771 946  97 569  65 562 837 453 586 584 684  93 756 433  39
 861 495 816  75 533 591 202 181 240 256 939 318 750 842 223 768 438 120
 417 288 800 319 466 541 314 421 544 474 599 981 823 813 984 137 836 515
 391 193 849 190 727 527 307 667 654 540 803 271 848 563   6  31 589  45
 662 855 534 697  14 891 507  30 517 707 325 407 106 669 281 467 710 883
 655 222 478 838 663 912  71  38 415 664]

Time: 2024-02-29 04:13:36
Args: Namespace(device='cuda:2', pre_batch_size=2048, batch_size=128, pre_epochs=200, epochs=100, lr=0.001, lr_scale=1, decay=0, decay_dkl=0.0001, num_layer=5, emb_dim=300, proj_dim=300, dropout_ratio=0, JK='last', graph_pooling='mean', pre_dataset='zinc_standard_agent', dataset='qm7', output_model_file='', gnn_type='gin', seed=0, num_workers=8, aug1='random', aug_ratio1=0.2, aug2='random', aug_ratio2=0.2, sub_ratio=1, split='scaffold', eval_train=0, dis_type='kernel', ue_method='embsvdkl', n_ensemble=10, dkl_epochs=100, dkl_s='s2', n_inducing_points=1024, ind_type='random', dkl_scale=10, grid_bounds=10, grid_size=32, ll='elbo', extra_pll=True, csv=False, use_cfg=True, use_exp=False, tsb=False, order='order', save=False, load=False, save_kernel=False, tag='none', input_model_file='models_graphcl/graphcl_select.pth', task_type='reg', num_tasks=1)
dataset: qm7
 distance type: kernel order: order
 iter: 4
  finetune result: dkl result: 201.93296057525896, nn result: 183.02978399798297
  subset order: dkl result: [374 822 846 578  70 352 831 499 604 560 681 437 990 843 308 661 132 187
 561 213 469 746 928 344 277 282 696 139 339 479 865 268 108 625 342 603
 726 480 381 226 112 328 111 267 747 748 623 691 523 781 173  91 456 592
 198 233 321   3 280 406 402 600 616 640 470 549 311 784 243 964 518 935
 497 161 524 143 521 685 897 490 571 150 298 383 637 186 121 724 675 503
 217 122 950 418 813  62 989 665  56 708 953 867 959   7 254 586 911 582
 305 397  17 310 900 239 720 363 362 105 459 702 860 509 238 965 755 115
 917 779 126 643 997 970 334 940 358 245 278 322 543 393 367 449 356 431
  72 545 537  48 835 936 458   4 446 193 830 262 824 852  19 169  99 114
 799 123 260 102 174 129 361 481 573 695  25 712 259 607 814 182 995 957
  76 316 736 769 419 701 567 896 986 743 199 579 923 671 960 963 996 841
 906 807 998 652 651  29  69 138  34 379 511 264 985  55 165 248 211 983
 510 286 749 666 754 587 903 774 493 887 157 300 590  21 463 717 438 716
 140 250 870 396 709 464  66 192  58 602 104 473 687 715 659 378 851 386
 765 118 699 629 183 624 306 648 913 439 151 673 520 403 968 434 856 214
 881 949 797 786 683 513 768 688 924 348 149 324  73 742 430 847  60 611
 532 274 618 514 981 448  78  36  74 649 670 289 287 857 265 854  51 933
 364 285 350 732 745 892 326 134 932 130 641 252 528 195 332 850 296 230
 723 704 898 263 506 788 791 284 866 421 601 815 201 373 878 512 337 404
 954 980 806  63 168 236 926 505  93 750 585 839 531   0 141 457 354 910
 147 551 948  81 167 874 303 925 615 638 920 330 770 377 519 247 547 706
 679 212 773 812 203 785 184 255 833  68 116 251 175 909 371 842  31 977
 471 646 872 159 291  10 426 294 780 170  46 425 162 392 934 388 152 947
  50 249 385 229 792 279 228 283 413 475 902 737 811 794 818 466 244 626
 295 215 155  37 452 674 594 969 864 432 394 290 391 261 955 880 338 181
 340 988 246 242 462 191 777 976 468  61 752 931 583 197 632 202 999 476
 975 276  40 821 194 570 569 829 916 410  96   1 234 166 634 341 884 384
 572 556 939 828 399 559 185 164 177  79  20   9 676 613 390 440 109 622
 680 568 588 312 719 411 508 369 782 534 620 825 487 429 817 605 474 718
 515 227 486 271   2 889 489 189 327 148 124 772 117  39 790 787 315 722
 937  28 689 873 372 477 325   8 575  83 919 899 196 313 495 343 258 398
 593 443 522 125 420  75 994 540  86  24 668 145 142 484 599 653 204 376
 472 767 667 345 237 405 273 136 465 804 617 654 978 760 501 778 840 441
 299 609 610  52 961 894  16  35  92 682 190  80  77  33  22 566  88 606
 942  12 644 442 144 844 803 908 633 967 153 871 725 819 938 224 927  89
 317 558 158 349 639 845 627 564 733 219 729 793 890  64 758   5 436 951
 979 795 655 535 766 656 705 735 862 297 958 525 370  53 783 798 658 888
 589 353 734 956 100 876 849  32 494  90 460 557  82 838 550 581 172 875
 359 206 395 827 336 380 943 987 320 808 992 972 802 714 146  26 492 293
 216 879 863 555 921 113 759 966 542 930 210 848 552 253 608 574 636 764
 907 533 416 408 414 657 314  27 882 133 496 971 914 962  44  47 530 553
 877 918 614 127 218  85 241 171 160 731 450  49 445 546 333 366 690 222
  71 660 826 302  23 382 200 135 266 335 973 991 757 915 107 796 612 775
 801 591 433 485 163 498 805 922 304 886 672  15 662 225 645 820  97 678
 730  41 478 427 517  57   6 205 179 482 453 630 728 288 738 762 686 952
 307 207 776 753 355 677 741  65 721 401 422 650 488 119 309  95 598 502
 281 209 351  11 809 357 360 156 740 491 554 789 428 756 810 761 619 387
 423 984 628 836 621 893 832 946 454 269 500  18 692 180 904 710 154  98
 137 853 389 707 275 526 435 944 861 323  67 347 110 982 635 869 461 409
 993 101 483 669 663 941 231 595 584 257 974 368 444 576  84 331 883 562
 823 400 739 319 120 945 318 694 647 375 744 859  54 693 597 855 272 901
 698 128 417 891 346 240 504  94 548 713 467 536 565 507 208 292 188 539
 301 365 455 868 912 580 642 700 800 232  30  13 529  59 703 527  43 538
  14 895 424  42 412 451 711 221 929 684 631 885  87 235 131 220 516 596
 447 103 771 727 577 544 106 407 329 563  45 178  38 858 270 541 816 837
 223 905 256 415 751 176 697 763 834 664]

Time: 2024-02-29 05:51:16
Args: Namespace(device='cuda:2', pre_batch_size=2048, batch_size=128, pre_epochs=200, epochs=100, lr=0.001, lr_scale=1, decay=0, decay_dkl=0.0001, num_layer=5, emb_dim=300, proj_dim=300, dropout_ratio=0, JK='last', graph_pooling='mean', pre_dataset='zinc_standard_agent', dataset='qm7', output_model_file='', gnn_type='gin', seed=0, num_workers=8, aug1='random', aug_ratio1=0.2, aug2='random', aug_ratio2=0.2, sub_ratio=1, split='scaffold', eval_train=0, dis_type='kernel', ue_method='embsvdkl', n_ensemble=10, dkl_epochs=100, dkl_s='s2', n_inducing_points=1024, ind_type='random', dkl_scale=10, grid_bounds=10, grid_size=32, ll='elbo', extra_pll=True, csv=False, use_cfg=True, use_exp=False, tsb=False, order='order', save=False, load=False, save_kernel=False, tag='none', input_model_file='models_graphcl/graphcl_select.pth', task_type='reg', num_tasks=1)
dataset: qm7
 distance type: kernel order: order
 iter: 5
  finetune result: dkl result: 143.2534341850124, nn result: 139.2496365281105
  subset order: dkl result: [818   3 996 379 602 661 970 173 305 882 586 383 362 675 754 370 278 560
 940 304 729 841 334 437 277 582 431  56 237 194 822 148 934 399 356 724
 245 572 895 717 963 402 726 894 954 831 211 843 651 928 523 702 212 860
 298  91 267  81 345 980  89 363 445 865 609 642 446 468 824 510 102 545
   5 374 264 337 618 243 143 969 960 499 217 659 186 403 372 990 359 358
 429 812 855 968 108 185  70 746 794  29 187 174 985 327 196 989 259 790
 503 957 381 902 745 502 426 691 983 964 276 457 213 489 350 799 459 514
 603 773 520 271 668 321 666 419 316 461  83 347 778 839 418 981 671 769
 900 420 366  59 458 624   2 328 469 112 625 679 518 382 161 340 206 436
  76 755 973 950 972 879 385  22 494  34 585 835  21 456 914 767 310 150
 850  28 549 646 344  24  62  94 606 951 380 573 234 268 261 140 632 511
 300 375 118 227 464 833 590 655 742 890 857  78 999  46  69 887 463  73
 155 652 911 982 453 949 716 926 146 145  61 592 408 665 519 505  77  68
 695  96 994 753 687 230  23  48 282 827 299 641 577 109 303 644 115 322
 203 581   1 157 167 700 750 617 485 101 566 367 285 615 556 475 997 333
 958 396 681 601 493 811 423 626 497 204 326 781 166 807   7 470 685 898
 546 479 853  66 440 978  47 398 588 634 878 252 114 846 872 653 376 111
 120 266 645 678 939 147 784  17 228 787 943  44  37 201 100 880 932 486
 535 806 406 416 977 631  99 250 189 377 286 129 241 633 221 209  72 600
 433 317 720 598 449 182 748 611 709  55 830 701 608 643  71 747 570 637
 130 925 864 524 287 706 192 386 132 813 749 571 492 247  36 462 780  63
 165 614 521 215 620 197  75 923 735 844 683 874 578 884 657 607 141 149
 162  90 412 613 991 734 175 704 743  20 116 400 280 339 764 169  65 240
 490 338 138 460 718 904 164 128 966   0 481 392 788 530 721  26 121 369
 845 393 916 759  58  41 117 336 629 246 183 696 779 522 699 409 506 198
 622 930 325 547 214 802 352 354 552 210 768 139 238 684 732 371 348  98
 343 548 971 733 815 795 924 364 177 513 579 623 920 808 715 430 770 390
 736 253 690  33 330 869 528 332 889 772 959 178 355 663 387 160  27 935
 448 797 774 725 580 707   8 200 893 220 738 938 482 826 329 284 550 627
 265 296 302 604 793 472 559  97 756 133 686  13 605  80 290 809 917 870
 439 694 965 942 191 918 828 937 151 341 760 719 871 842   9 567 512 515
 993 391 836 487 594 956  51 723 306 861 542 867 342 705 712 551 281  64
 152  85 554 233 315 353 283 163 933 804 593 892 946 792 988 168 565 616
 532 279 294 913 465 587  92 859 421 648 805 134 619 231 680 248 466 599
 427 154 995 295 498 188 205 801 906 739 660 378 576 555 536 126 575 313
 491 798 244 765 346 235 640 595 967 862 301 840 692 852 172 480 274 488
 136 903  74 866  50 881 677 757  82 899  10 404 361 708 517 368 825 927
 495 676 785 105 796 635 236 752 638 673 153  88 444 888 907 649 199 574
 311 791  15 142 731 821 713  57 397 783   4  38 636 998 262 312 467 538
 728 910 394 537 656 170 125 945 612 180 803 216 674 961 349 384 144 275
 905 110  39 432 744 909 583 591  87 447 670 931 119 672  16  43 897 357
 309 947 272 434 952 534 722 848 323 407 500 667 509 452 251 814  93 854
  53 876  25 908 766 496 269 255 441 184 476 761 688 293 847 820 896 249
 229 504 921  40 179 256  67 621 543 202 832 314 689 877 193 373 658 292
 669 568 442 886 856 414 922 819 131 473  19 471 948  86 122 817 775 289
  31 915 181 455 454 137 737 762 195 544 413 786 540 415 428 919 254 219
 740 986 123 410 417 483 730   6 837 829 891 222 758 810 979 569 782 226
 662 561 936 135 260 763 308 477 395 104 351  45 714 823 331 849 297 501
 962 319 478 953 218  79 422 335 901 207 941 976  11 777 650 628 438 158
 527 929 239 435 474 257 584 639 443 508 171 533 741 389  52 531 288 834
 156 873 703 698 424 425 885 324 223 610  49 529 365 557 106 589 225 360
 816 789 516 851 875 307  35 318 868 320  18 975 113 727 987 553  95 208
 176 291 190 484 654  60 103  32 751 858 411 838 974 450 883 562 451 263
 127 401  12 682 776 800  84 992 525 539  14 711 159 541 984 405 388 710
 558 232  42 563 507 242 124 955 596 224 944 107 863 564 273 597 270 693
 912 258  54 664 647 697 771 526 630  30]

Time: 2024-02-29 07:26:04
Args: Namespace(device='cuda:2', pre_batch_size=2048, batch_size=128, pre_epochs=200, epochs=100, lr=0.001, lr_scale=1, decay=0, decay_dkl=0.0001, num_layer=5, emb_dim=300, proj_dim=300, dropout_ratio=0, JK='last', graph_pooling='mean', pre_dataset='zinc_standard_agent', dataset='qm7', output_model_file='', gnn_type='gin', seed=0, num_workers=8, aug1='random', aug_ratio1=0.2, aug2='random', aug_ratio2=0.2, sub_ratio=1, split='scaffold', eval_train=0, dis_type='kernel', ue_method='embsvdkl', n_ensemble=10, dkl_epochs=100, dkl_s='s2', n_inducing_points=1024, ind_type='random', dkl_scale=10, grid_bounds=10, grid_size=32, ll='elbo', extra_pll=True, csv=False, use_cfg=True, use_exp=False, tsb=False, order='order', save=False, load=False, save_kernel=False, tag='none', input_model_file='models_graphcl/graphcl_select.pth', task_type='reg', num_tasks=1)
dataset: qm7
 distance type: kernel order: order
 iter: 6
  finetune result: dkl result: 158.46404855675416, nn result: 165.1081585406602
  subset order: dkl result: [374 437 661 277 747 578 822 470 139 623 607 573 681 545 157 852 560   7
 344 935 964 732 108 233 843 865 499 981 831 604 308 217 592 754 720 226
 193 362 748 582 132 968 418 799 923 989 250 239 201 138 691 909 361 755
 170 112 797  62 866 458  76 520  25 600 784  99 900 114   4 571 659 328
 518 282 640 187 124  70 192 129 841 666 648 406 616 311 950 350 115 767
 511 434 456 356 306 174 352 195 781 990 970 248 402 846 213 254 143 986
 959 724 393 622 252 480 609 161 719 191 702 969 559 537 278 675  29 363
 487 726 151 611 354 524 273 199 459 896 839 227 189 897 717 940 618 397
 481 104 404 995  17 183 637 443 259 603  68  37 479 752 503 590 696 804
 777 742 506 464 709 377 521 398 383  26 736 528 310 601 977 903 928 712
 147 716 268 708 963 641 685 575 102 857 652  19 262 671 997 342 917 300
 473 198 587 105 867 706 249 531 466 123 298 911 513 497 419 244 835 746
 449 358 985 453  21 924 953 430 325 625 265 490 324 569 486 549 791 321
 813 847 396   9 126 665 403 439  32 378 561 332 737 824 441 688 643 585
 243 197 699 856  73 247 636 140 405 523 948 125 260 765 241 787 525 162
 509 334 326 364 583 322 315 420 749 818 475 827  60  64 967 338 236 873
 367 902 543 150 994 913 960   3  91 381 118 234 814 327 880  12 860 286
 340  50  51 932 949 312 617 149 165 379 348 116 820 274 851 651 255 446
 155 955 672 586 385 588 927 602 372 122 510 605 484 462  72 371 965 166
  34 695 947 425 339 673 505 889 214 690 159 556 477 284 906 280  31 182
 743 811 111 594 801 680 251 826  92 634 245 649 438 431 440  81  56 158
 920 130 971 553 173 373 186 898 780 562 624 939 493 679 638  74 534 369
  55 390  10 177  69 337 926 296 658  80 203 966  48 892 317  24 345  58
 285  53 386 330 723 366   1 788 474 465 279 313 646 878 870 283 774 687
 421 786 263 854 937 620  63  86 558 790 460 768 141 184 276 224 211 872
 904 336 231 469 196 629 316 842 656 644 613 992 770 933 264 844 427  83
 468 998 136 976 335 701 229 134 212 266 779 807 750 426 502 772 934 215
 850 899 760 568 318 169  61 488 682 331 305 745 829 954 293 942 512 660
 864 676 175 741 452 773 821 678 714 987 121 972 759 593 100 185 566 444
 307 739 514 463 908 303 376  93 206  35  15 825 833 789 532 840 884 347
 258 794 519 980 476 677 343 922 267 261 570  78 792 287 504  79 597 802
 117 674 457 733 579 555 654 349 413 615 957 808 557 164 394   8 757 996
 830 433  20 399 542 961 411  88 181 783 567 314 683 395 938 202  82 228
 936 608 323 522 180  96 540 910 432 496 962 689 119 614 734 572 639 769
 758  33  77 647 533 901   0 135  36 812 991 179 705 408 606   5 222 357
 756 975 805 973 725 704 388 806 494 951  47 941 919 877 448 662 610 599
 621 168 627 718  57 190  85  66 551 722 958 983 291 471 246 721 874 547
 410  39 210 145 943 526 289 715  22 589 795 633 925 360 670  18 461 539
  44 454 952 738  49 238 667 598 778  71 668 219 931 876 365 370 694 392
 868 142 730  89 891 883 887 828 489 628 389 297 146 530 632  90 762 988
 237 353 793 319 815 416 194 838 304 655  11  46 290 930  94 886 993 798
 148 153 888 200 881 450 785 152 810  27 225 546 626 133 863 113 492 302
 744 435 855 204 753 491 309 630 507 890 729 915 508 501 894 711 669 907
 359 230 167 869 564 809 698 109 576 220 596 400 429 653 288 552 391 819
  16 535 442 728 242 862 612 871 351 735 281 207 979 272 422 333 895 817
 916 982 978 999 766 110 423 731 929 172  97 101  41 921 485 401 956 946
 478 764 849 171 414 663 918 107 914 527 692 771  14  75  43 127 782 137
 294   2 650 472 257 761 384 775 163 436 144 275 232 341 515 565 295 368
 751 853 875 550 205 320 803 645 580 859 861 893  23  13 581  52 495 447
  40 380 299 574 595 845 188 912 208 713 686  65   6 375  45 218 131 128
  28 240 882 156 536  30 387 417 619 483 800 500 498  84 154 529 885 209
 428 584 106 945  54 160 382  98 984 703 329 223 516 412 253 848 836  87
 693  67 178 796 905 467 707 541 700 216 879 538 355 642 944 635 832 697
 407 657 816 301  59 176 103 823 424 482 858 451 455 591 554  95 235 710
 740 409 974 292 445  38 837 271 346 221 517 577 548 563 776 763 256 270
 120  42 544 269 727 834 664 631 684 415]

Time: 2024-02-29 09:05:18
Args: Namespace(device='cuda:2', pre_batch_size=2048, batch_size=128, pre_epochs=200, epochs=100, lr=0.001, lr_scale=1, decay=0, decay_dkl=0.0001, num_layer=5, emb_dim=300, proj_dim=300, dropout_ratio=0, JK='last', graph_pooling='mean', pre_dataset='zinc_standard_agent', dataset='qm7', output_model_file='', gnn_type='gin', seed=0, num_workers=8, aug1='random', aug_ratio1=0.2, aug2='random', aug_ratio2=0.2, sub_ratio=1, split='scaffold', eval_train=0, dis_type='kernel', ue_method='embsvdkl', n_ensemble=10, dkl_epochs=100, dkl_s='s2', n_inducing_points=1024, ind_type='random', dkl_scale=10, grid_bounds=10, grid_size=32, ll='elbo', extra_pll=True, csv=False, use_cfg=True, use_exp=False, tsb=False, order='order', save=False, load=False, save_kernel=False, tag='none', input_model_file='models_graphcl/graphcl_select.pth', task_type='reg', num_tasks=1)
dataset: qm7
 distance type: kernel order: order
 iter: 7
  finetune result: dkl result: 137.45440967001554, nn result: 136.35966751054914
  subset order: dkl result: [243 437 352 328 641 661 964 822 573  70 959 480 831 797 362  68 578 406
 726 112 846 268 278 187 746 843 283 361   3 259 675 168 470 523 473 397
 226 139 935 701 458 459 277 298 213 356 748 666 245 230 434  72 374 681
 102 418 747 196 161 111 282 696 252 300 708 308 379 950 936 184 303  51
 699  63 524 900 969 755 167 233 742 165 254 155 824 342 247 656 381 344
  91  48 651 986 350 913 983 265 733 897  99  25 572 605 321 866 629 691
 116 174 157 250 743 624 337 518 446  56 132 949 479 169 366 659   7 773
 965 600 865 305 503 105 622 792 469  17 468  27 129 383 917 393 607 486
 560 781 339 511  73 706 637 286 749  21 767 363 121 422 186 780   1  76
 189 604 251  74 732 490 191 951 150 537 571 438  81 185 857 981 108 976
 679 404 543 625 940 402 285 138  66 620 512 623 640 590 754 279 682 618
 934 493 928 249 995 712 217 899 970 852 807 236 405 367  55 695 597 594
 273 248 130 956 724 456 702 634 385 953 262 932 403 966 720 311 996 909
 592 123 216 745 224 497  58  60 989 499 481 126 505 804 372 676 100 143
 198  83 173   4 988 779 561 825 530 954 977 828 799 769 931  77 195 867
 154 896 639 547 617 227 330 812  62 960 925  80 570 545 494 400 887 643
 901 632 460 892  69 784 582 818 430 137 826 475 354 532 263 729 431 144
 785 377 520  23 923 933 557 192 587 665 616  33 426 114 115 927  61 228
 786 287 668 201 716 997 821 153 550 615 510 267 890  86 194 316 685 327
 332 575 348 872 790 583 910 874 408 678 296  39 942 844 894 149 164 341
 531 611 752 688 715 439 879 588 506 952 753 199 218 967 449 813 802 850
 730 556 492 943 340 420 585 735 229 274 586 306  96 744 508 801 835 878
 444 315 338 463 980 140 717  29 870 436  19 829 911 141 768 334 689 521
 990 271 276 214 736 955 147 182 657 782 369 289 939  46 331 613 442 206
 947 345   8 441  78 791 239 871 603 160 322 876 551 589 602   2 652  24
  26 237 918 148 601 421 811 760 413  37 158  28 806  44 869 709 104 464
 893 860 525 772 653 117 646 766 880 376 774 841 396 649 558 794 902 419
  47  20 284 466 903 719 985 610 516  15 994 916 371 919 842 648 180  50
 815 353 930 830 373 386  34 454 922 183 889 975 314 238 687 650 566 549
 795 457 838 109 856 204 290  94 788 700 378 133 764 884 973 445 694  89
 501  93 384 429 924 827 295 358  22 906 704 302 453 974 172  53 471 455
 671 477 134 272 162 280 487 246 728 798 200 387  82 443 888 349 591 568
 240 926  52 428 528 599 389 118 264 881 211  16 465 380 991 375 409 412
 690 819 638 581 307 631 260 937 461 948   5 817 957 159 672 326 565 225
 234 741 877 325 839 119 395 680 136 670 723 914 853 313 392 579 294 495
 410 502 324 491  85 145 288 370 593 737 854 241 758 982 968 674 898 357
 814 255 170 833 175 793 673 859 448 197  88  75 707 151 474  35 540 440
  90 809 907 787 135 796 462 478 319 559 364 535 979 757 770 202 122 488
 519 614 515 655 509 938 522 836 855 411 777 904 388  42 895 244  11 534
 546 849 654 432 686 293 810 944 177  12 847 862 645 626 312 718 548 231
 820 335 291 423  79 166 987 113 219 569 401   9 920 873 152 971 662 526
  71 261  49 963 803 542 310 840 635 452 644 998 609 667 146 336 203 761
 101 485 435 722 574 347 275  54 775 179  92  84 221 992 762 242 621  36
 929 698 476 553 627 484 740 394 886 660 181 567 915 692 808 207 266 482
  14 628 507 851 513 731 606 125  97  67  64 188 351 318 297 128 962 993
   0  41 514 210 875 961 823 253 958 498 163 425 776 256 669 863 759 106
 398 190  59 235 343 212 270 483 193 885 861 127 584 433 598 725 529 713
 756 416 677 765 619 269  98 576 834 783 658 232 527 580 608  57 391 124
 120  18 941 800 984 317 663 500 496 882 710 359 612 789 215 577 407 171
 333 390 908 946 209 972 489 258 427 832 222 596 156 739 205  45 533 848
 633 447 414 703 538 921  43 368 816 541 721  32 978 734 845 805 176 555
 304 552 320 299   6 714 636 346  13 365  87 323 868 424 945 281 705 504
 360  31 220 750 450 539 858 778 131 905 883 107 727 110 595 292 891 142
 208 771 683  65  95 564  10 355 399 693 517 738 301 647 417  38 999 711
 103 329 864  40 562 837 472 223 257 309 563 467 554 630 912 684 751 642
 536 178  30 763 382 415 451 697 544 664]

Time: 2024-02-29 11:00:05
Args: Namespace(device='cuda:2', pre_batch_size=2048, batch_size=128, pre_epochs=200, epochs=100, lr=0.001, lr_scale=1, decay=0, decay_dkl=0.0001, num_layer=5, emb_dim=300, proj_dim=300, dropout_ratio=0, JK='last', graph_pooling='mean', pre_dataset='zinc_standard_agent', dataset='qm7', output_model_file='', gnn_type='gin', seed=0, num_workers=8, aug1='random', aug_ratio1=0.2, aug2='random', aug_ratio2=0.2, sub_ratio=1, split='scaffold', eval_train=0, dis_type='kernel', ue_method='embsvdkl', n_ensemble=10, dkl_epochs=100, dkl_s='s2', n_inducing_points=1024, ind_type='random', dkl_scale=10, grid_bounds=10, grid_size=32, ll='elbo', extra_pll=True, csv=False, use_cfg=True, use_exp=False, tsb=False, order='order', save=False, load=False, save_kernel=False, tag='none', input_model_file='models_graphcl/graphcl_select.pth', task_type='reg', num_tasks=1)
dataset: qm7
 distance type: kernel order: order
 iter: 8
  finetune result: dkl result: 140.59434979508546, nn result: 139.56463330663075
  subset order: dkl result: [578 846 822 139 308 579 625 226 277  99  66 352 114 480 332 161 374 386
 239 490 420 199 747 513 623 696 799 675 860 784 537   5 456 990 569 586
 523 648 786 497 560 986 765 361 604  25 754 590 831 193 900 561 702 383
 437  70 499   7 788 521 959 843 545 476 466 503 105 493 487 866 917 732
 119 906 842 661 950 712 736 322 867 311 922 909 350 607 706 339 183 587
 897 138 600 217 813 830 147 385 469 896 245 889 928 549 691 748 652 238
 847 421 963 268 864 592 779 797 173 562 151   3 920 449 715 524 618   4
 997 857 841 108 377 609 446 364 622 557 511 932 960 213 104 125 506  62
 616 254 406 968 998 708 233 720 726 978 470 115 659 571 567  17 724 356
 615 585 170 989  31 312 162  56 393 286  73 970  32 280 975 248 801 282
 629 787  50 955  69 936 222 187  36 430 404 343  68 976 122 789 313 479
 709 902 851 802 849 670 509 919 873 344 112 159  76 856 358 298 362 624
  10 448 182 477 189 767 107 603 126 658 439 459 396 898 143 582 575 636
 212 570 903 379 643 543 273 473 261 234 835 317 704 321 852 518  92 200
  34 825 132 294 874 791 118 762 923 181 850 354 681 378 310 627 184 699
 637 651 679 436  93 911 514 746 464 948  55 419 742 345 129 937 177 197
 166 759 397   9 174 167 236  52 640 519 883 360 264 324 525 865 988 434
 432 520 995 458 229 599  61  47 985 418 347 246 338 566 136 559 323  49
 671 752 140 750 966 961 478 676 769 528 145 376  71 723 402  91 134 330
 649 805 601 964 910 760 716 947 265  19 496 315 398 274 555 687 382 777
 854 717 558 267 117 390 325 734 794 263 673 348 878 996  29 157 778 150
 556 880 124 593  15 403 306 705 284 512 539 251 887 741 326 191 749 242
 443 392 935 342 349 768 666 913 972 373 833 368 198 965 247 121 370 821
 638 682 954 714 211  83 951 285 573 534 179 201 701 646 553 250 481  16
 725 583 745  24 522 533 293  77 426 472 369 933 336 427 260 416 327 467
 141 804 149 602 719 662 249 647 665 958  20 999 244 663 155 614 807   1
 890 371 491  78 243 796 102 123  79 388 785 855 111 366  64 755 685  85
 297 508 814 931 474 484 422 175  72 146 206 463  27 186 733 654 203 939
 870 334 328 363 588 875 255 367 440 690 892 872 505 395  65 743 465 694
 210 829 962 414 994 594 839  12 300 626 757 425  40  60 171 845 228  82
 168 888 405 644 844 613 218 817 914 305 980  88  80 942 225   8 529  33
 611 452 641 737 279 820 314 259 441 450 688 195 790 949 453 224 838 606
 824 299  21 977 399 196 630  74  57  53 359 956 981 772 227 423 957 158
 987 546 340 918 992 667 938 133 608 840  58 288 979 953 489 101 278 100
 209 776 584 798 836 535 728 307 231 276 501 703 634 916 401 811 341 152
 739 550 879 924 859 744 462 258 619  75 700 751 695 827 881  81 795 908
 735 904 862 940  96 335 252 257 770 863 930 180   0 766 905 510 552 710
 926 116 296 417 871 531 991 142 290 877 756  37 433 692 547 891 192 819
 633  48 295 353 678 438 886   2 468 581 653 289  46 391 471 488 337 718
 686 272 381 597 620 815 806   6  63 697 190 711 876  90 205 130 220 148
 394 698 832 532 411 408 656 775 781 672 281 262 568 106 912 442 486  54
 774 683 884 429 302 551 163 304 202 612 589 861 483 971 194 596 983 669
 164 384 934 780 475 993 316 372 287 660 291 431 526  11 542 457 901 828
 668 444 731 266 320 241  98 536 803  84 572 214 216 165 232 967 882 941
 722 925 318 237 410  86 301 783 753  26 428 253 782 207 868 357  51 632
  89 400 109 271 921 635 230 605 628 530 580 460 485 738  87 517 598 331
 899 944 761 758 160 451 548  30 946 576 235 498 674 333 591  35 120 713
 793 538 387 554 655 156  39 810 413  44 435 461 677 764 693  14 185 639
 494 447  43 721 127 771 730 507 621 642 610 515  28 355 541 131 380 110
 818 540 680 895 969 283  42 943 482 927 375 689 929  18 188 848 424 495
 564 729 204 113 223 103  97 178 389 303  45 329 215 504 808 144 812 826
  22 172 574 885 740 773 154 492 984 365 128 563 319 153  67 809  95 412
 219 415  94 973 502 351 894  23 952 645 309 617 945 445 893 915 169 137
 454 792 650 858 407 544  38 664 837  41 800 595 240 292 135  59 982 853
 409 500 707  13 275 727 657 527 346 516 869 763 176 816 907 208 631 455
 823 270 221 577 684 974 269 565 834 256]

Time: 2024-02-29 12:59:22
Args: Namespace(device='cuda:2', pre_batch_size=2048, batch_size=128, pre_epochs=200, epochs=100, lr=0.001, lr_scale=1, decay=0, decay_dkl=0.0001, num_layer=5, emb_dim=300, proj_dim=300, dropout_ratio=0, JK='last', graph_pooling='mean', pre_dataset='zinc_standard_agent', dataset='qm7', output_model_file='', gnn_type='gin', seed=0, num_workers=8, aug1='random', aug_ratio1=0.2, aug2='random', aug_ratio2=0.2, sub_ratio=1, split='scaffold', eval_train=0, dis_type='kernel', ue_method='embsvdkl', n_ensemble=10, dkl_epochs=100, dkl_s='s2', n_inducing_points=1024, ind_type='random', dkl_scale=10, grid_bounds=10, grid_size=32, ll='elbo', extra_pll=True, csv=False, use_cfg=True, use_exp=False, tsb=False, order='order', save=False, load=False, save_kernel=False, tag='none', input_model_file='models_graphcl/graphcl_select.pth', task_type='reg', num_tasks=1)
dataset: qm7
 distance type: kernel order: order
 iter: 9
  finetune result: dkl result: 175.41752654807485, nn result: 173.78702453184906
  subset order: dkl result: [578 822 747 846 139 239 277 623 600 308 352 831 784 374 799 161  25 226
 499 561 437 480 691 545  99 843 625 754 470 959 199 675 896 456 490 466
 524 361 421 193 607 681 560 986 909 732 273 604 487  62 217 312 132 198
 900 114 497 513 126 143 543 748 170  66 897 108 385 990 590 866 115 332
 523 579 696 661  55 393 229 105 719 549 640  56 280 622  76 311 659 830
 386 708 119 842 571 765 592 358 213 928   4 434 282 679 712 860 950 503
 575 569   5 233 616 254 469 248 857 997 458   7 586 187 702 917 788 720
 138 767 736 418 779   9 724 520 250 511 118 582   3 585 322 976 397 286
 537 996  31 618 637 963 960 643 129 464 362 841 344 813 151 666 964 356
 512 104  61 883 648 525 342 562 493 521 923 328 985 935  70 245 709 852
 903 419 473 124 587 865 847 965 864 920 140 122 989 786 377 652 439 364
 797 769  32 867  17 183 518  73 726 396 354 829 177 174 339 474 913 298
 948  68 932 181 420 173  34 157 835 856 371 406 998  10 446 383 573 649
 159 459 150 749 955 880 609  50 528 791 968 162 234 701 111 479 476 687
 147 970 825 752 746 742 898 873 212 449 189 243 768 624 940 191 509 922
 102 238 902 936 506 821 259 244 531 268 348 802 615 671 673  91 603 149
 236 363 310 184 937 330 350  19 706 981 570 594 251 670  21 481 682 125
  83 260 716  78 274 392 263 136 123 167   1 685 601 662 432 854 629 975
 559  29 376 443 966 315 367 743 906 734 404 717 425 750 486 995 851 715
 488 278 343 405 398 566 197 790 112 583 369 949 789 321 373 872 654 919
 641 759 558 737 651 870 539 222 988 878 314 658 182 910  37 453 262 849
 440 850 211 745 514 462  24 762 699 676 477 372 760 246 704 781 326 627
  63 636  71 688 201 264 757 881 323 382  20 889 556 807 261 317 430 306
 602  77 646 665 833  60  79 844 186 839 787  12 324 158 599 795 121 938
 366 224 285 484 403 145 911 284  36 874 255 755 519 947 338 942 638 953
 265 210 296 335 228  15  53 613 345 978 992 463 804  72 887 316 962 814
 777 141 166 209 660  51 801 725 379 117 378 634 496 728 448 534 247 227
 427 924 294 368 733 705  69 390 532 812 334 381   0 249 667 741 811 994
 349 107  33 465 242 293 772 838  47 714 134 572 611 142 258 647 815 951
 778 155 431 567 817 972 980 723 987 820 202 626 606 824 394 588 426 192
 171 845 272 276 130 478 890 402 331 934  82 546 360 977 313 325 827 785
  93 327 416 289 840  58 279 891 773 214 438 257  88 347 798 336 931 441
 979 165 904 340 796 589 939 991 958 971  74 630 206 413 735 794 168 961
 491  48 557 133 739 656 442 508 620 918 803 780 175 597 653 884 805 888
  92 401   6 774 876 619 100 267 468 203 467 505 933 283 694 522 218 475
 146 357 300 180 501 612 116 875 400 472 692 410 614 395 529 766 568  64
 621  89  96 973 533 908 633 307 457 806 436 776 471 190 241 127 722 195
 318 555 877 231 507 510 901 370 452 617 690 632 164 892 855 886 916  11
 551 703 299 925  46 926 678 718 770 731 744 341 686 608  49 266 553 302
 672 389 663 547 957 297  57 304 695 930 730 179  52 826 819  81  40  80
 552 828  65 288 882 983 196 287 993  86 337 639 999 305 207 941 433 290
 148 628 593 414 422 408 912 969 530  85 927 399 526 205 101 169 303 391
 596 230  75 163 359 542  84 808 689   8 792 967 435 683 674   2 428 914
  23 954 669 113 943  27 738 721  54 110 417 871 584 564 771 423 605  35
 271 128  28 237 581 710 489 388 252 598 895 333 693 200 862 783 483 152
 135 680 216 460 700 353 540 319 450 219 753 109 320 411 225 153  90 574
 921 550 879 485 461 281 863 899 295 655 253 751 810 644 859 946 635 220
 782  22  26 956 576 538  39 215 832 387 451 515 818 836 775 444  44  16
 429  98 380  97 758 823 535 291 793 407 120 232 131 982 384 848 697 698
 610  30 756  87  18 984 309 868 809 194 240 498 482 185 365 885 861 154
  45 677  42 580 945 502 495 761 894 650 645 668 351 188 905 106 204 711
 375  67 144 178  43 445 853 492 944 494 301 554 713 103 907 412  14 275
 517 160 952 156 541 235 500 729 447 563 740 800 504 869 837 455 527 516
 929 893 137 642 355 176 764 915 172 595 548 409  59 329 858 544  38 223
 424 591 346  13 657 727 536  94 292 208 834 565 974 454 763  41  95 664
 707 415 221 269 816 631 256 684 270 577]

